2024-12-08 10:14:10,232 [INFO] Logovanie inicializované
2024-12-08 10:14:10,245 [INFO] Inicializcia GlassCuttingBot
2024-12-08 10:14:10,275 [DEBUG] Starting new HTTPS connection (1): api.telegram.org:443
2024-12-08 10:14:10,298 [DEBUG] https://api.telegram.org:443 "GET /bot8177519675:AAE1xLZEyODePjcYC2RlaG7xf2QUCa2aSiE/setWebhook?url= HTTP/11" 200 68
2024-12-08 10:14:10,799 [INFO] Webhook úspešne odstránený
2024-12-08 10:14:10,800 [INFO] GlassCuttingBot inicializovaný
2024-12-08 10:14:10,808 [DEBUG] https://api.telegram.org:443 "GET /bot8177519675:AAE1xLZEyODePjcYC2RlaG7xf2QUCa2aSiE/getMe HTTP/11" 200 278
2024-12-08 10:14:10,811 [DEBUG] Starting new HTTPS connection (1): api.telegram.org:443
2024-12-08 10:14:10,834 [DEBUG] https://api.telegram.org:443 "GET /bot8177519675:AAE1xLZEyODePjcYC2RlaG7xf2QUCa2aSiE/getUpdates?offset=1&timeout=5 HTTP/11" 200 382
2024-12-08 10:14:10,839 [DEBUG] Starting new HTTPS connection (1): api.telegram.org:443
2024-12-08 10:14:10,927 [DEBUG] https://api.telegram.org:443 "POST /bot8177519675:AAE1xLZEyODePjcYC2RlaG7xf2QUCa2aSiE/sendMessage?chat_id=1175143262&text=Vitajte+v+optimaliz%C3%A1tore+rezania+a+kalkul%EF%BF%BD%EF%BF%BDtore+cien+skla%21%0A%0ADostupn%C3%A9+pr%C3%ADkazy%3A%0A%2Fstart+-+Spust%C3%AD+nov%C3%BD+v%C3%BDpo%C4%8Det%0A%2Fhelp+-+Zobraz%C3%AD+n%C3%A1vod+na+pou%C5%BEitie%0A%2Fhistory+-+Zobraz%C3%AD+hist%C3%B3riu+kalkul%C3%A1ci%0A%2Fclear_history+-+Vyma%C5%BEe+hist%C3%B3riu+kalkul%C3%A1ci%C3%AD%0A%0ANajprv+si+pros%C3%ADm+vyberte+rozmer+tabule%3A&reply_markup=%7B%22keyboard%22%3A+%5B%5B%7B%22text%22%3A+%22321+x+225+cm%22%7D%5D%2C+%5B%7B%22text%22%3A+%22160.5+x+255+cm%22%7D%5D%5D%2C+%22resize_keyboard%22%3A+true%7D&reply_parameters=%7B%22message_id%22%3A+21%7D HTTP/11" 200 1188
2024-12-08 10:14:15,876 [DEBUG] https://api.telegram.org:443 "GET /bot8177519675:AAE1xLZEyODePjcYC2RlaG7xf2QUCa2aSiE/getUpdates?offset=508533386&timeout=5 HTTP/11" 200 23
2024-12-08 10:14:16,862 [DEBUG] https://api.telegram.org:443 "GET /bot8177519675:AAE1xLZEyODePjcYC2RlaG7xf2QUCa2aSiE/getUpdates?offset=508533386&timeout=5 HTTP/11" 200 330
2024-12-08 10:14:16,863 [INFO] Inicializovaný CuttingOptimizer s rozmermi 321x225
2024-12-08 10:14:16,908 [DEBUG] https://api.telegram.org:443 "POST /bot8177519675:AAE1xLZEyODePjcYC2RlaG7xf2QUCa2aSiE/sendMessage?chat_id=1175143262&text=%E2%9C%85+Vybrali+ste+rozmer%3A+321x225+cm%0A%0ATeraz+zadajte+rozmery+skiel+v+jednom+z+form%C3%A1tov%3A%0A1%EF%B8%8F%E2%83%A3+Jeden+rozmer%3A+100x50+alebo+83.5x92.2%0A2%EF%B8%8F%E2%83%A3+Viac+rozmerov+naraz%3A+100x50-200x30-80.5x90.2%0A&reply_parameters=%7B%22message_id%22%3A+23%7D HTTP/11" 200 770
2024-12-08 10:14:21,874 [DEBUG] https://api.telegram.org:443 "GET /bot8177519675:AAE1xLZEyODePjcYC2RlaG7xf2QUCa2aSiE/getUpdates?offset=508533387&timeout=5 HTTP/11" 200 23
2024-12-08 10:14:22,346 [DEBUG] https://api.telegram.org:443 "GET /bot8177519675:AAE1xLZEyODePjcYC2RlaG7xf2QUCa2aSiE/getUpdates?offset=508533387&timeout=5 HTTP/11" 200 341
2024-12-08 10:14:22,391 [DEBUG] https://api.telegram.org:443 "POST /bot8177519675:AAE1xLZEyODePjcYC2RlaG7xf2QUCa2aSiE/sendMessage?chat_id=1175143262&text=%F0%9F%94%84+Prebieha+v%C3%BDpo%C4%8Det+optim%C3%A1lneho+rozlo%C5%BEenia...&reply_parameters=%7B%22message_id%22%3A+25%7D HTTP/11" 200 650
2024-12-08 10:14:22,391 [INFO] Optimalizujem tabuľu #1 s 3 panelmi
2024-12-08 10:14:22,391 [INFO] Začiatok optimalizácie pre 3 panelov
2024-12-08 10:14:22,427 [DEBUG] Loaded backend Agg version v2.2.
2024-12-08 10:14:22,458 [DEBUG] findfont: Matching sans\-serif:style=normal:variant=normal:weight=normal:stretch=normal:size=10.0.
2024-12-08 10:14:22,459 [DEBUG] findfont: score(FontEntry(fname='/home22/server/rezaciautocad/venv/lib/python3.10/site-packages/matplotlib/mpl-data/fonts/ttf/STIXGeneralBolIta.ttf', name='STIXGeneral', style='italic', variant='normal', weight=700, stretch='normal', size='scalable')) = 11.335
2024-12-08 10:14:22,459 [DEBUG] findfont: score(FontEntry(fname='/home22/server/rezaciautocad/venv/lib/python3.10/site-packages/matplotlib/mpl-data/fonts/ttf/DejaVuSans-BoldOblique.ttf', name='DejaVu Sans', style='oblique', variant='normal', weight=700, stretch='normal', size='scalable')) = 1.335
2024-12-08 10:14:22,459 [DEBUG] findfont: score(FontEntry(fname='/home22/server/rezaciautocad/venv/lib/python3.10/site-packages/matplotlib/mpl-data/fonts/ttf/cmtt10.ttf', name='cmtt10', style='normal', variant='normal', weight=400, stretch='normal', size='scalable')) = 10.05
2024-12-08 10:14:22,459 [DEBUG] findfont: score(FontEntry(fname='/home22/server/rezaciautocad/venv/lib/python3.10/site-packages/matplotlib/mpl-data/fonts/ttf/STIXSizTwoSymReg.ttf', name='STIXSizeTwoSym', style='normal', variant='normal', weight=400, stretch='normal', size='scalable')) = 10.05
2024-12-08 10:14:22,459 [DEBUG] findfont: score(FontEntry(fname='/home22/server/rezaciautocad/venv/lib/python3.10/site-packages/matplotlib/mpl-data/fonts/ttf/cmb10.ttf', name='cmb10', style='normal', variant='normal', weight=400, stretch='normal', size='scalable')) = 10.05
2024-12-08 10:14:22,459 [DEBUG] findfont: score(FontEntry(fname='/home22/server/rezaciautocad/venv/lib/python3.10/site-packages/matplotlib/mpl-data/fonts/ttf/DejaVuSansDisplay.ttf', name='DejaVu Sans Display', style='normal', variant='normal', weight=400, stretch='normal', size='scalable')) = 10.05
2024-12-08 10:14:22,460 [DEBUG] findfont: score(FontEntry(fname='/home22/server/rezaciautocad/venv/lib/python3.10/site-packages/matplotlib/mpl-data/fonts/ttf/STIXSizThreeSymReg.ttf', name='STIXSizeThreeSym', style='normal', variant='normal', weight=400, stretch='normal', size='scalable')) = 10.05
2024-12-08 10:14:22,460 [DEBUG] findfont: score(FontEntry(fname='/home22/server/rezaciautocad/venv/lib/python3.10/site-packages/matplotlib/mpl-data/fonts/ttf/cmr10.ttf', name='cmr10', style='normal', variant='normal', weight=400, stretch='normal', size='scalable')) = 10.05
2024-12-08 10:14:22,460 [DEBUG] findfont: score(FontEntry(fname='/home22/server/rezaciautocad/venv/lib/python3.10/site-packages/matplotlib/mpl-data/fonts/ttf/DejaVuSerif-Italic.ttf', name='DejaVu Serif', style='italic', variant='normal', weight=400, stretch='normal', size='scalable')) = 11.05
2024-12-08 10:14:22,460 [DEBUG] findfont: score(FontEntry(fname='/home22/server/rezaciautocad/venv/lib/python3.10/site-packages/matplotlib/mpl-data/fonts/ttf/STIXSizOneSymReg.ttf', name='STIXSizeOneSym', style='normal', variant='normal', weight=400, stretch='normal', size='scalable')) = 10.05
2024-12-08 10:14:22,460 [DEBUG] findfont: score(FontEntry(fname='/home22/server/rezaciautocad/venv/lib/python3.10/site-packages/matplotlib/mpl-data/fonts/ttf/DejaVuSansMono-Bold.ttf', name='DejaVu Sans Mono', style='normal', variant='normal', weight=700, stretch='normal', size='scalable')) = 10.335
2024-12-08 10:14:22,460 [DEBUG] findfont: score(FontEntry(fname='/home22/server/rezaciautocad/venv/lib/python3.10/site-packages/matplotlib/mpl-data/fonts/ttf/STIXSizFiveSymReg.ttf', name='STIXSizeFiveSym', style='normal', variant='normal', weight=400, stretch='normal', size='scalable')) = 10.05
2024-12-08 10:14:22,460 [DEBUG] findfont: score(FontEntry(fname='/home22/server/rezaciautocad/venv/lib/python3.10/site-packages/matplotlib/mpl-data/fonts/ttf/DejaVuSansMono-Oblique.ttf', name='DejaVu Sans Mono', style='oblique', variant='normal', weight=400, stretch='normal', size='scalable')) = 11.05
2024-12-08 10:14:22,460 [DEBUG] findfont: score(FontEntry(fname='/home22/server/rezaciautocad/venv/lib/python3.10/site-packages/matplotlib/mpl-data/fonts/ttf/STIXSizThreeSymBol.ttf', name='STIXSizeThreeSym', style='normal', variant='normal', weight=700, stretch='normal', size='scalable')) = 10.335
2024-12-08 10:14:22,460 [DEBUG] findfont: score(FontEntry(fname='/home22/server/rezaciautocad/venv/lib/python3.10/site-packages/matplotlib/mpl-data/fonts/ttf/DejaVuSerif.ttf', name='DejaVu Serif', style='normal', variant='normal', weight=400, stretch='normal', size='scalable')) = 10.05
2024-12-08 10:14:22,460 [DEBUG] findfont: score(FontEntry(fname='/home22/server/rezaciautocad/venv/lib/python3.10/site-packages/matplotlib/mpl-data/fonts/ttf/DejaVuSansMono-BoldOblique.ttf', name='DejaVu Sans Mono', style='oblique', variant='normal', weight=700, stretch='normal', size='scalable')) = 11.335
2024-12-08 10:14:22,460 [DEBUG] findfont: score(FontEntry(fname='/home22/server/rezaciautocad/venv/lib/python3.10/site-packages/matplotlib/mpl-data/fonts/ttf/STIXNonUniBolIta.ttf', name='STIXNonUnicode', style='italic', variant='normal', weight=700, stretch='normal', size='scalable')) = 11.335
2024-12-08 10:14:22,461 [DEBUG] findfont: score(FontEntry(fname='/home22/server/rezaciautocad/venv/lib/python3.10/site-packages/matplotlib/mpl-data/fonts/ttf/DejaVuSerif-Bold.ttf', name='DejaVu Serif', style='normal', variant='normal', weight=700, stretch='normal', size='scalable')) = 10.335
2024-12-08 10:14:22,461 [DEBUG] findfont: score(FontEntry(fname='/home22/server/rezaciautocad/venv/lib/python3.10/site-packages/matplotlib/mpl-data/fonts/ttf/STIXGeneralBol.ttf', name='STIXGeneral', style='normal', variant='normal', weight=700, stretch='normal', size='scalable')) = 10.335
2024-12-08 10:14:22,461 [DEBUG] findfont: score(FontEntry(fname='/home22/server/rezaciautocad/venv/lib/python3.10/site-packages/matplotlib/mpl-data/fonts/ttf/STIXGeneralItalic.ttf', name='STIXGeneral', style='italic', variant='normal', weight=400, stretch='normal', size='scalable')) = 11.05
2024-12-08 10:14:22,461 [DEBUG] findfont: score(FontEntry(fname='/home22/server/rezaciautocad/venv/lib/python3.10/site-packages/matplotlib/mpl-data/fonts/ttf/STIXSizFourSymReg.ttf', name='STIXSizeFourSym', style='normal', variant='normal', weight=400, stretch='normal', size='scalable')) = 10.05
2024-12-08 10:14:22,461 [DEBUG] findfont: score(FontEntry(fname='/home22/server/rezaciautocad/venv/lib/python3.10/site-packages/matplotlib/mpl-data/fonts/ttf/STIXNonUniIta.ttf', name='STIXNonUnicode', style='italic', variant='normal', weight=400, stretch='normal', size='scalable')) = 11.05
2024-12-08 10:14:22,461 [DEBUG] findfont: score(FontEntry(fname='/home22/server/rezaciautocad/venv/lib/python3.10/site-packages/matplotlib/mpl-data/fonts/ttf/DejaVuSans-Bold.ttf', name='DejaVu Sans', style='normal', variant='normal', weight=700, stretch='normal', size='scalable')) = 0.33499999999999996
2024-12-08 10:14:22,461 [DEBUG] findfont: score(FontEntry(fname='/home22/server/rezaciautocad/venv/lib/python3.10/site-packages/matplotlib/mpl-data/fonts/ttf/cmex10.ttf', name='cmex10', style='normal', variant='normal', weight=400, stretch='normal', size='scalable')) = 10.05
2024-12-08 10:14:22,461 [DEBUG] findfont: score(FontEntry(fname='/home22/server/rezaciautocad/venv/lib/python3.10/site-packages/matplotlib/mpl-data/fonts/ttf/STIXSizFourSymBol.ttf', name='STIXSizeFourSym', style='normal', variant='normal', weight=700, stretch='normal', size='scalable')) = 10.335
2024-12-08 10:14:22,461 [DEBUG] findfont: score(FontEntry(fname='/home22/server/rezaciautocad/venv/lib/python3.10/site-packages/matplotlib/mpl-data/fonts/ttf/cmss10.ttf', name='cmss10', style='normal', variant='normal', weight=400, stretch='normal', size='scalable')) = 10.05
2024-12-08 10:14:22,461 [DEBUG] findfont: score(FontEntry(fname='/home22/server/rezaciautocad/venv/lib/python3.10/site-packages/matplotlib/mpl-data/fonts/ttf/cmsy10.ttf', name='cmsy10', style='normal', variant='normal', weight=400, stretch='normal', size='scalable')) = 10.05
2024-12-08 10:14:22,461 [DEBUG] findfont: score(FontEntry(fname='/home22/server/rezaciautocad/venv/lib/python3.10/site-packages/matplotlib/mpl-data/fonts/ttf/DejaVuSerifDisplay.ttf', name='DejaVu Serif Display', style='normal', variant='normal', weight=400, stretch='normal', size='scalable')) = 10.05
2024-12-08 10:14:22,462 [DEBUG] findfont: score(FontEntry(fname='/home22/server/rezaciautocad/venv/lib/python3.10/site-packages/matplotlib/mpl-data/fonts/ttf/STIXSizTwoSymBol.ttf', name='STIXSizeTwoSym', style='normal', variant='normal', weight=700, stretch='normal', size='scalable')) = 10.335
2024-12-08 10:14:22,462 [DEBUG] findfont: score(FontEntry(fname='/home22/server/rezaciautocad/venv/lib/python3.10/site-packages/matplotlib/mpl-data/fonts/ttf/STIXNonUni.ttf', name='STIXNonUnicode', style='normal', variant='normal', weight=400, stretch='normal', size='scalable')) = 10.05
2024-12-08 10:14:22,462 [DEBUG] findfont: score(FontEntry(fname='/home22/server/rezaciautocad/venv/lib/python3.10/site-packages/matplotlib/mpl-data/fonts/ttf/DejaVuSansMono.ttf', name='DejaVu Sans Mono', style='normal', variant='normal', weight=400, stretch='normal', size='scalable')) = 10.05
2024-12-08 10:14:22,462 [DEBUG] findfont: score(FontEntry(fname='/home22/server/rezaciautocad/venv/lib/python3.10/site-packages/matplotlib/mpl-data/fonts/ttf/DejaVuSerif-BoldItalic.ttf', name='DejaVu Serif', style='italic', variant='normal', weight=700, stretch='normal', size='scalable')) = 11.335
2024-12-08 10:14:22,462 [DEBUG] findfont: score(FontEntry(fname='/home22/server/rezaciautocad/venv/lib/python3.10/site-packages/matplotlib/mpl-data/fonts/ttf/STIXNonUniBol.ttf', name='STIXNonUnicode', style='normal', variant='normal', weight=700, stretch='normal', size='scalable')) = 10.335
2024-12-08 10:14:22,462 [DEBUG] findfont: score(FontEntry(fname='/home22/server/rezaciautocad/venv/lib/python3.10/site-packages/matplotlib/mpl-data/fonts/ttf/cmmi10.ttf', name='cmmi10', style='normal', variant='normal', weight=400, stretch='normal', size='scalable')) = 10.05
2024-12-08 10:14:22,462 [DEBUG] findfont: score(FontEntry(fname='/home22/server/rezaciautocad/venv/lib/python3.10/site-packages/matplotlib/mpl-data/fonts/ttf/DejaVuSans-Oblique.ttf', name='DejaVu Sans', style='oblique', variant='normal', weight=400, stretch='normal', size='scalable')) = 1.05
2024-12-08 10:14:22,462 [DEBUG] findfont: score(FontEntry(fname='/home22/server/rezaciautocad/venv/lib/python3.10/site-packages/matplotlib/mpl-data/fonts/ttf/DejaVuSans.ttf', name='DejaVu Sans', style='normal', variant='normal', weight=400, stretch='normal', size='scalable')) = 0.05
2024-12-08 10:14:22,462 [DEBUG] findfont: score(FontEntry(fname='/home22/server/rezaciautocad/venv/lib/python3.10/site-packages/matplotlib/mpl-data/fonts/ttf/STIXGeneral.ttf', name='STIXGeneral', style='normal', variant='normal', weight=400, stretch='normal', size='scalable')) = 10.05
2024-12-08 10:14:22,462 [DEBUG] findfont: score(FontEntry(fname='/home22/server/rezaciautocad/venv/lib/python3.10/site-packages/matplotlib/mpl-data/fonts/ttf/STIXSizOneSymBol.ttf', name='STIXSizeOneSym', style='normal', variant='normal', weight=700, stretch='normal', size='scalable')) = 10.335
2024-12-08 10:14:22,462 [DEBUG] findfont: score(FontEntry(fname='/usr/share/fonts/truetype/dejavu/DejaVuSans-Bold.ttf', name='DejaVu Sans', style='normal', variant='normal', weight=700, stretch='normal', size='scalable')) = 0.33499999999999996
2024-12-08 10:14:22,463 [DEBUG] findfont: score(FontEntry(fname='/usr/share/fonts/truetype/dejavu/DejaVuSerif-BoldItalic.ttf', name='DejaVu Serif', style='italic', variant='normal', weight=700, stretch='normal', size='scalable')) = 11.335
2024-12-08 10:14:22,463 [DEBUG] findfont: score(FontEntry(fname='/usr/share/fonts/truetype/quicksand/Quicksand-Medium.ttf', name='Quicksand Medium', style='normal', variant='normal', weight=500, stretch='normal', size='scalable')) = 10.145
2024-12-08 10:14:22,463 [DEBUG] findfont: score(FontEntry(fname='/usr/share/fonts/truetype/dejavu/DejaVuSerif-Italic.ttf', name='DejaVu Serif', style='italic', variant='normal', weight=400, stretch='normal', size='scalable')) = 11.05
2024-12-08 10:14:22,463 [DEBUG] findfont: score(FontEntry(fname='/usr/share/fonts/truetype/quicksand/Quicksand-Bold.ttf', name='Quicksand', style='normal', variant='normal', weight=700, stretch='normal', size='scalable')) = 10.335
2024-12-08 10:14:22,463 [DEBUG] findfont: score(FontEntry(fname='/usr/share/fonts/truetype/dejavu/DejaVuSerif.ttf', name='DejaVu Serif', style='normal', variant='normal', weight=400, stretch='normal', size='scalable')) = 10.05
2024-12-08 10:14:22,463 [DEBUG] findfont: score(FontEntry(fname='/usr/share/fonts/truetype/dejavu/DejaVuSans-Oblique.ttf', name='DejaVu Sans', style='oblique', variant='normal', weight=400, stretch='normal', size='scalable')) = 1.05
2024-12-08 10:14:22,463 [DEBUG] findfont: score(FontEntry(fname='/usr/share/fonts/truetype/dejavu/DejaVuSansCondensed-Bold.ttf', name='DejaVu Sans', style='normal', variant='normal', weight=700, stretch='condensed', size='scalable')) = 0.5349999999999999
2024-12-08 10:14:22,463 [DEBUG] findfont: score(FontEntry(fname='/usr/share/fonts/truetype/dejavu/DejaVuSans.ttf', name='DejaVu Sans', style='normal', variant='normal', weight=400, stretch='normal', size='scalable')) = 0.05
2024-12-08 10:14:22,463 [DEBUG] findfont: score(FontEntry(fname='/usr/share/fonts/truetype/dejavu/DejaVuSans-ExtraLight.ttf', name='DejaVu Sans', style='normal', variant='normal', weight=200, stretch='normal', size='scalable')) = 0.24
2024-12-08 10:14:22,464 [DEBUG] findfont: score(FontEntry(fname='/usr/share/fonts/truetype/quicksand/Quicksand-Regular.ttf', name='Quicksand', style='normal', variant='normal', weight=400, stretch='normal', size='scalable')) = 10.05
2024-12-08 10:14:22,464 [DEBUG] findfont: score(FontEntry(fname='/usr/share/fonts/truetype/dejavu/DejaVuSansCondensed.ttf', name='DejaVu Sans', style='normal', variant='normal', weight=400, stretch='condensed', size='scalable')) = 0.25
2024-12-08 10:14:22,464 [DEBUG] findfont: score(FontEntry(fname='/usr/share/fonts/truetype/dejavu/DejaVuSerif-Bold.ttf', name='DejaVu Serif', style='normal', variant='normal', weight=700, stretch='normal', size='scalable')) = 10.335
2024-12-08 10:14:22,464 [DEBUG] findfont: score(FontEntry(fname='/usr/share/fonts/truetype/dejavu/DejaVuSansCondensed-BoldOblique.ttf', name='DejaVu Sans', style='oblique', variant='normal', weight=700, stretch='condensed', size='scalable')) = 1.535
2024-12-08 10:14:22,464 [DEBUG] findfont: score(FontEntry(fname='/usr/share/fonts/truetype/dejavu/DejaVuSerifCondensed.ttf', name='DejaVu Serif', style='normal', variant='normal', weight=400, stretch='condensed', size='scalable')) = 10.25
2024-12-08 10:14:22,464 [DEBUG] findfont: score(FontEntry(fname='/usr/share/fonts/truetype/dejavu/DejaVuSansCondensed-Oblique.ttf', name='DejaVu Sans', style='oblique', variant='normal', weight=400, stretch='condensed', size='scalable')) = 1.25
2024-12-08 10:14:22,464 [DEBUG] findfont: score(FontEntry(fname='/usr/share/fonts/truetype/dejavu/DejaVuSerifCondensed-Bold.ttf', name='DejaVu Serif', style='normal', variant='normal', weight=700, stretch='condensed', size='scalable')) = 10.535
2024-12-08 10:14:22,464 [DEBUG] findfont: score(FontEntry(fname='/usr/share/fonts/truetype/quicksand/Quicksand-Light.ttf', name='Quicksand Light', style='normal', variant='normal', weight=300, stretch='normal', size='scalable')) = 10.145
2024-12-08 10:14:22,464 [DEBUG] findfont: score(FontEntry(fname='/usr/share/fonts/truetype/dejavu/DejaVuMathTeXGyre.ttf', name='DejaVu Math TeX Gyre', style='normal', variant='normal', weight=400, stretch='normal', size='scalable')) = 10.05
2024-12-08 10:14:22,464 [DEBUG] findfont: score(FontEntry(fname='/usr/share/fonts/truetype/dejavu/DejaVuSansMono-Oblique.ttf', name='DejaVu Sans Mono', style='oblique', variant='normal', weight=400, stretch='normal', size='scalable')) = 11.05
2024-12-08 10:14:22,464 [DEBUG] findfont: score(FontEntry(fname='/usr/share/fonts/truetype/dejavu/DejaVuSansMono-BoldOblique.ttf', name='DejaVu Sans Mono', style='oblique', variant='normal', weight=700, stretch='normal', size='scalable')) = 11.335
2024-12-08 10:14:22,465 [DEBUG] findfont: score(FontEntry(fname='/usr/share/fonts/truetype/dejavu/DejaVuSansMono.ttf', name='DejaVu Sans Mono', style='normal', variant='normal', weight=400, stretch='normal', size='scalable')) = 10.05
2024-12-08 10:14:22,465 [DEBUG] findfont: score(FontEntry(fname='/usr/share/fonts/truetype/dejavu/DejaVuSans-BoldOblique.ttf', name='DejaVu Sans', style='oblique', variant='normal', weight=700, stretch='normal', size='scalable')) = 1.335
2024-12-08 10:14:22,465 [DEBUG] findfont: score(FontEntry(fname='/usr/share/fonts/truetype/dejavu/DejaVuSerifCondensed-BoldItalic.ttf', name='DejaVu Serif', style='italic', variant='normal', weight=700, stretch='condensed', size='scalable')) = 11.535
2024-12-08 10:14:22,465 [DEBUG] findfont: score(FontEntry(fname='/usr/share/fonts/truetype/dejavu/DejaVuSansMono-Bold.ttf', name='DejaVu Sans Mono', style='normal', variant='normal', weight=700, stretch='normal', size='scalable')) = 10.335
2024-12-08 10:14:22,465 [DEBUG] findfont: score(FontEntry(fname='/usr/share/fonts/truetype/dejavu/DejaVuSerifCondensed-Italic.ttf', name='DejaVu Serif', style='italic', variant='normal', weight=400, stretch='condensed', size='scalable')) = 11.25
2024-12-08 10:14:22,465 [DEBUG] findfont: Matching sans\-serif:style=normal:variant=normal:weight=normal:stretch=normal:size=10.0 to DejaVu Sans ('/home22/server/rezaciautocad/venv/lib/python3.10/site-packages/matplotlib/mpl-data/fonts/ttf/DejaVuSans.ttf') with score of 0.050000.
2024-12-08 10:14:22,641 [DEBUG] findfont: Matching sans\-serif:style=normal:variant=normal:weight=normal:stretch=normal:size=12.0.
2024-12-08 10:14:22,642 [DEBUG] findfont: score(FontEntry(fname='/home22/server/rezaciautocad/venv/lib/python3.10/site-packages/matplotlib/mpl-data/fonts/ttf/STIXGeneralBolIta.ttf', name='STIXGeneral', style='italic', variant='normal', weight=700, stretch='normal', size='scalable')) = 11.335
2024-12-08 10:14:22,642 [DEBUG] findfont: score(FontEntry(fname='/home22/server/rezaciautocad/venv/lib/python3.10/site-packages/matplotlib/mpl-data/fonts/ttf/DejaVuSans-BoldOblique.ttf', name='DejaVu Sans', style='oblique', variant='normal', weight=700, stretch='normal', size='scalable')) = 1.335
2024-12-08 10:14:22,642 [DEBUG] findfont: score(FontEntry(fname='/home22/server/rezaciautocad/venv/lib/python3.10/site-packages/matplotlib/mpl-data/fonts/ttf/cmtt10.ttf', name='cmtt10', style='normal', variant='normal', weight=400, stretch='normal', size='scalable')) = 10.05
2024-12-08 10:14:22,642 [DEBUG] findfont: score(FontEntry(fname='/home22/server/rezaciautocad/venv/lib/python3.10/site-packages/matplotlib/mpl-data/fonts/ttf/STIXSizTwoSymReg.ttf', name='STIXSizeTwoSym', style='normal', variant='normal', weight=400, stretch='normal', size='scalable')) = 10.05
2024-12-08 10:14:22,642 [DEBUG] findfont: score(FontEntry(fname='/home22/server/rezaciautocad/venv/lib/python3.10/site-packages/matplotlib/mpl-data/fonts/ttf/cmb10.ttf', name='cmb10', style='normal', variant='normal', weight=400, stretch='normal', size='scalable')) = 10.05
2024-12-08 10:14:22,642 [DEBUG] findfont: score(FontEntry(fname='/home22/server/rezaciautocad/venv/lib/python3.10/site-packages/matplotlib/mpl-data/fonts/ttf/DejaVuSansDisplay.ttf', name='DejaVu Sans Display', style='normal', variant='normal', weight=400, stretch='normal', size='scalable')) = 10.05
2024-12-08 10:14:22,642 [DEBUG] findfont: score(FontEntry(fname='/home22/server/rezaciautocad/venv/lib/python3.10/site-packages/matplotlib/mpl-data/fonts/ttf/STIXSizThreeSymReg.ttf', name='STIXSizeThreeSym', style='normal', variant='normal', weight=400, stretch='normal', size='scalable')) = 10.05
2024-12-08 10:14:22,643 [DEBUG] findfont: score(FontEntry(fname='/home22/server/rezaciautocad/venv/lib/python3.10/site-packages/matplotlib/mpl-data/fonts/ttf/cmr10.ttf', name='cmr10', style='normal', variant='normal', weight=400, stretch='normal', size='scalable')) = 10.05
2024-12-08 10:14:22,643 [DEBUG] findfont: score(FontEntry(fname='/home22/server/rezaciautocad/venv/lib/python3.10/site-packages/matplotlib/mpl-data/fonts/ttf/DejaVuSerif-Italic.ttf', name='DejaVu Serif', style='italic', variant='normal', weight=400, stretch='normal', size='scalable')) = 11.05
2024-12-08 10:14:22,643 [DEBUG] findfont: score(FontEntry(fname='/home22/server/rezaciautocad/venv/lib/python3.10/site-packages/matplotlib/mpl-data/fonts/ttf/STIXSizOneSymReg.ttf', name='STIXSizeOneSym', style='normal', variant='normal', weight=400, stretch='normal', size='scalable')) = 10.05
2024-12-08 10:14:22,643 [DEBUG] findfont: score(FontEntry(fname='/home22/server/rezaciautocad/venv/lib/python3.10/site-packages/matplotlib/mpl-data/fonts/ttf/DejaVuSansMono-Bold.ttf', name='DejaVu Sans Mono', style='normal', variant='normal', weight=700, stretch='normal', size='scalable')) = 10.335
2024-12-08 10:14:22,643 [DEBUG] findfont: score(FontEntry(fname='/home22/server/rezaciautocad/venv/lib/python3.10/site-packages/matplotlib/mpl-data/fonts/ttf/STIXSizFiveSymReg.ttf', name='STIXSizeFiveSym', style='normal', variant='normal', weight=400, stretch='normal', size='scalable')) = 10.05
2024-12-08 10:14:22,643 [DEBUG] findfont: score(FontEntry(fname='/home22/server/rezaciautocad/venv/lib/python3.10/site-packages/matplotlib/mpl-data/fonts/ttf/DejaVuSansMono-Oblique.ttf', name='DejaVu Sans Mono', style='oblique', variant='normal', weight=400, stretch='normal', size='scalable')) = 11.05
2024-12-08 10:14:22,643 [DEBUG] findfont: score(FontEntry(fname='/home22/server/rezaciautocad/venv/lib/python3.10/site-packages/matplotlib/mpl-data/fonts/ttf/STIXSizThreeSymBol.ttf', name='STIXSizeThreeSym', style='normal', variant='normal', weight=700, stretch='normal', size='scalable')) = 10.335
2024-12-08 10:14:22,643 [DEBUG] findfont: score(FontEntry(fname='/home22/server/rezaciautocad/venv/lib/python3.10/site-packages/matplotlib/mpl-data/fonts/ttf/DejaVuSerif.ttf', name='DejaVu Serif', style='normal', variant='normal', weight=400, stretch='normal', size='scalable')) = 10.05
2024-12-08 10:14:22,644 [DEBUG] findfont: score(FontEntry(fname='/home22/server/rezaciautocad/venv/lib/python3.10/site-packages/matplotlib/mpl-data/fonts/ttf/DejaVuSansMono-BoldOblique.ttf', name='DejaVu Sans Mono', style='oblique', variant='normal', weight=700, stretch='normal', size='scalable')) = 11.335
2024-12-08 10:14:22,644 [DEBUG] findfont: score(FontEntry(fname='/home22/server/rezaciautocad/venv/lib/python3.10/site-packages/matplotlib/mpl-data/fonts/ttf/STIXNonUniBolIta.ttf', name='STIXNonUnicode', style='italic', variant='normal', weight=700, stretch='normal', size='scalable')) = 11.335
2024-12-08 10:14:22,644 [DEBUG] findfont: score(FontEntry(fname='/home22/server/rezaciautocad/venv/lib/python3.10/site-packages/matplotlib/mpl-data/fonts/ttf/DejaVuSerif-Bold.ttf', name='DejaVu Serif', style='normal', variant='normal', weight=700, stretch='normal', size='scalable')) = 10.335
2024-12-08 10:14:22,644 [DEBUG] findfont: score(FontEntry(fname='/home22/server/rezaciautocad/venv/lib/python3.10/site-packages/matplotlib/mpl-data/fonts/ttf/STIXGeneralBol.ttf', name='STIXGeneral', style='normal', variant='normal', weight=700, stretch='normal', size='scalable')) = 10.335
2024-12-08 10:14:22,644 [DEBUG] findfont: score(FontEntry(fname='/home22/server/rezaciautocad/venv/lib/python3.10/site-packages/matplotlib/mpl-data/fonts/ttf/STIXGeneralItalic.ttf', name='STIXGeneral', style='italic', variant='normal', weight=400, stretch='normal', size='scalable')) = 11.05
2024-12-08 10:14:22,644 [DEBUG] findfont: score(FontEntry(fname='/home22/server/rezaciautocad/venv/lib/python3.10/site-packages/matplotlib/mpl-data/fonts/ttf/STIXSizFourSymReg.ttf', name='STIXSizeFourSym', style='normal', variant='normal', weight=400, stretch='normal', size='scalable')) = 10.05
2024-12-08 10:14:22,644 [DEBUG] findfont: score(FontEntry(fname='/home22/server/rezaciautocad/venv/lib/python3.10/site-packages/matplotlib/mpl-data/fonts/ttf/STIXNonUniIta.ttf', name='STIXNonUnicode', style='italic', variant='normal', weight=400, stretch='normal', size='scalable')) = 11.05
2024-12-08 10:14:22,644 [DEBUG] findfont: score(FontEntry(fname='/home22/server/rezaciautocad/venv/lib/python3.10/site-packages/matplotlib/mpl-data/fonts/ttf/DejaVuSans-Bold.ttf', name='DejaVu Sans', style='normal', variant='normal', weight=700, stretch='normal', size='scalable')) = 0.33499999999999996
2024-12-08 10:14:22,644 [DEBUG] findfont: score(FontEntry(fname='/home22/server/rezaciautocad/venv/lib/python3.10/site-packages/matplotlib/mpl-data/fonts/ttf/cmex10.ttf', name='cmex10', style='normal', variant='normal', weight=400, stretch='normal', size='scalable')) = 10.05
2024-12-08 10:14:22,644 [DEBUG] findfont: score(FontEntry(fname='/home22/server/rezaciautocad/venv/lib/python3.10/site-packages/matplotlib/mpl-data/fonts/ttf/STIXSizFourSymBol.ttf', name='STIXSizeFourSym', style='normal', variant='normal', weight=700, stretch='normal', size='scalable')) = 10.335
2024-12-08 10:14:22,644 [DEBUG] findfont: score(FontEntry(fname='/home22/server/rezaciautocad/venv/lib/python3.10/site-packages/matplotlib/mpl-data/fonts/ttf/cmss10.ttf', name='cmss10', style='normal', variant='normal', weight=400, stretch='normal', size='scalable')) = 10.05
2024-12-08 10:14:22,644 [DEBUG] findfont: score(FontEntry(fname='/home22/server/rezaciautocad/venv/lib/python3.10/site-packages/matplotlib/mpl-data/fonts/ttf/cmsy10.ttf', name='cmsy10', style='normal', variant='normal', weight=400, stretch='normal', size='scalable')) = 10.05
2024-12-08 10:14:22,644 [DEBUG] findfont: score(FontEntry(fname='/home22/server/rezaciautocad/venv/lib/python3.10/site-packages/matplotlib/mpl-data/fonts/ttf/DejaVuSerifDisplay.ttf', name='DejaVu Serif Display', style='normal', variant='normal', weight=400, stretch='normal', size='scalable')) = 10.05
2024-12-08 10:14:22,645 [DEBUG] findfont: score(FontEntry(fname='/home22/server/rezaciautocad/venv/lib/python3.10/site-packages/matplotlib/mpl-data/fonts/ttf/STIXSizTwoSymBol.ttf', name='STIXSizeTwoSym', style='normal', variant='normal', weight=700, stretch='normal', size='scalable')) = 10.335
2024-12-08 10:14:22,645 [DEBUG] findfont: score(FontEntry(fname='/home22/server/rezaciautocad/venv/lib/python3.10/site-packages/matplotlib/mpl-data/fonts/ttf/STIXNonUni.ttf', name='STIXNonUnicode', style='normal', variant='normal', weight=400, stretch='normal', size='scalable')) = 10.05
2024-12-08 10:14:22,645 [DEBUG] findfont: score(FontEntry(fname='/home22/server/rezaciautocad/venv/lib/python3.10/site-packages/matplotlib/mpl-data/fonts/ttf/DejaVuSansMono.ttf', name='DejaVu Sans Mono', style='normal', variant='normal', weight=400, stretch='normal', size='scalable')) = 10.05
2024-12-08 10:14:22,645 [DEBUG] findfont: score(FontEntry(fname='/home22/server/rezaciautocad/venv/lib/python3.10/site-packages/matplotlib/mpl-data/fonts/ttf/DejaVuSerif-BoldItalic.ttf', name='DejaVu Serif', style='italic', variant='normal', weight=700, stretch='normal', size='scalable')) = 11.335
2024-12-08 10:14:22,645 [DEBUG] findfont: score(FontEntry(fname='/home22/server/rezaciautocad/venv/lib/python3.10/site-packages/matplotlib/mpl-data/fonts/ttf/STIXNonUniBol.ttf', name='STIXNonUnicode', style='normal', variant='normal', weight=700, stretch='normal', size='scalable')) = 10.335
2024-12-08 10:14:22,645 [DEBUG] findfont: score(FontEntry(fname='/home22/server/rezaciautocad/venv/lib/python3.10/site-packages/matplotlib/mpl-data/fonts/ttf/cmmi10.ttf', name='cmmi10', style='normal', variant='normal', weight=400, stretch='normal', size='scalable')) = 10.05
2024-12-08 10:14:22,645 [DEBUG] findfont: score(FontEntry(fname='/home22/server/rezaciautocad/venv/lib/python3.10/site-packages/matplotlib/mpl-data/fonts/ttf/DejaVuSans-Oblique.ttf', name='DejaVu Sans', style='oblique', variant='normal', weight=400, stretch='normal', size='scalable')) = 1.05
2024-12-08 10:14:22,645 [DEBUG] findfont: score(FontEntry(fname='/home22/server/rezaciautocad/venv/lib/python3.10/site-packages/matplotlib/mpl-data/fonts/ttf/DejaVuSans.ttf', name='DejaVu Sans', style='normal', variant='normal', weight=400, stretch='normal', size='scalable')) = 0.05
2024-12-08 10:14:22,645 [DEBUG] findfont: score(FontEntry(fname='/home22/server/rezaciautocad/venv/lib/python3.10/site-packages/matplotlib/mpl-data/fonts/ttf/STIXGeneral.ttf', name='STIXGeneral', style='normal', variant='normal', weight=400, stretch='normal', size='scalable')) = 10.05
2024-12-08 10:14:22,645 [DEBUG] findfont: score(FontEntry(fname='/home22/server/rezaciautocad/venv/lib/python3.10/site-packages/matplotlib/mpl-data/fonts/ttf/STIXSizOneSymBol.ttf', name='STIXSizeOneSym', style='normal', variant='normal', weight=700, stretch='normal', size='scalable')) = 10.335
2024-12-08 10:14:22,645 [DEBUG] findfont: score(FontEntry(fname='/usr/share/fonts/truetype/dejavu/DejaVuSans-Bold.ttf', name='DejaVu Sans', style='normal', variant='normal', weight=700, stretch='normal', size='scalable')) = 0.33499999999999996
2024-12-08 10:14:22,645 [DEBUG] findfont: score(FontEntry(fname='/usr/share/fonts/truetype/dejavu/DejaVuSerif-BoldItalic.ttf', name='DejaVu Serif', style='italic', variant='normal', weight=700, stretch='normal', size='scalable')) = 11.335
2024-12-08 10:14:22,645 [DEBUG] findfont: score(FontEntry(fname='/usr/share/fonts/truetype/quicksand/Quicksand-Medium.ttf', name='Quicksand Medium', style='normal', variant='normal', weight=500, stretch='normal', size='scalable')) = 10.145
2024-12-08 10:14:22,645 [DEBUG] findfont: score(FontEntry(fname='/usr/share/fonts/truetype/dejavu/DejaVuSerif-Italic.ttf', name='DejaVu Serif', style='italic', variant='normal', weight=400, stretch='normal', size='scalable')) = 11.05
2024-12-08 10:14:22,645 [DEBUG] findfont: score(FontEntry(fname='/usr/share/fonts/truetype/quicksand/Quicksand-Bold.ttf', name='Quicksand', style='normal', variant='normal', weight=700, stretch='normal', size='scalable')) = 10.335
2024-12-08 10:14:22,646 [DEBUG] findfont: score(FontEntry(fname='/usr/share/fonts/truetype/dejavu/DejaVuSerif.ttf', name='DejaVu Serif', style='normal', variant='normal', weight=400, stretch='normal', size='scalable')) = 10.05
2024-12-08 10:14:22,646 [DEBUG] findfont: score(FontEntry(fname='/usr/share/fonts/truetype/dejavu/DejaVuSans-Oblique.ttf', name='DejaVu Sans', style='oblique', variant='normal', weight=400, stretch='normal', size='scalable')) = 1.05
2024-12-08 10:14:22,646 [DEBUG] findfont: score(FontEntry(fname='/usr/share/fonts/truetype/dejavu/DejaVuSansCondensed-Bold.ttf', name='DejaVu Sans', style='normal', variant='normal', weight=700, stretch='condensed', size='scalable')) = 0.5349999999999999
2024-12-08 10:14:22,646 [DEBUG] findfont: score(FontEntry(fname='/usr/share/fonts/truetype/dejavu/DejaVuSans.ttf', name='DejaVu Sans', style='normal', variant='normal', weight=400, stretch='normal', size='scalable')) = 0.05
2024-12-08 10:14:22,646 [DEBUG] findfont: score(FontEntry(fname='/usr/share/fonts/truetype/dejavu/DejaVuSans-ExtraLight.ttf', name='DejaVu Sans', style='normal', variant='normal', weight=200, stretch='normal', size='scalable')) = 0.24
2024-12-08 10:14:22,646 [DEBUG] findfont: score(FontEntry(fname='/usr/share/fonts/truetype/quicksand/Quicksand-Regular.ttf', name='Quicksand', style='normal', variant='normal', weight=400, stretch='normal', size='scalable')) = 10.05
2024-12-08 10:14:22,646 [DEBUG] findfont: score(FontEntry(fname='/usr/share/fonts/truetype/dejavu/DejaVuSansCondensed.ttf', name='DejaVu Sans', style='normal', variant='normal', weight=400, stretch='condensed', size='scalable')) = 0.25
2024-12-08 10:14:22,646 [DEBUG] findfont: score(FontEntry(fname='/usr/share/fonts/truetype/dejavu/DejaVuSerif-Bold.ttf', name='DejaVu Serif', style='normal', variant='normal', weight=700, stretch='normal', size='scalable')) = 10.335
2024-12-08 10:14:22,646 [DEBUG] findfont: score(FontEntry(fname='/usr/share/fonts/truetype/dejavu/DejaVuSansCondensed-BoldOblique.ttf', name='DejaVu Sans', style='oblique', variant='normal', weight=700, stretch='condensed', size='scalable')) = 1.535
2024-12-08 10:14:22,646 [DEBUG] findfont: score(FontEntry(fname='/usr/share/fonts/truetype/dejavu/DejaVuSerifCondensed.ttf', name='DejaVu Serif', style='normal', variant='normal', weight=400, stretch='condensed', size='scalable')) = 10.25
2024-12-08 10:14:22,646 [DEBUG] findfont: score(FontEntry(fname='/usr/share/fonts/truetype/dejavu/DejaVuSansCondensed-Oblique.ttf', name='DejaVu Sans', style='oblique', variant='normal', weight=400, stretch='condensed', size='scalable')) = 1.25
2024-12-08 10:14:22,646 [DEBUG] findfont: score(FontEntry(fname='/usr/share/fonts/truetype/dejavu/DejaVuSerifCondensed-Bold.ttf', name='DejaVu Serif', style='normal', variant='normal', weight=700, stretch='condensed', size='scalable')) = 10.535
2024-12-08 10:14:22,646 [DEBUG] findfont: score(FontEntry(fname='/usr/share/fonts/truetype/quicksand/Quicksand-Light.ttf', name='Quicksand Light', style='normal', variant='normal', weight=300, stretch='normal', size='scalable')) = 10.145
2024-12-08 10:14:22,646 [DEBUG] findfont: score(FontEntry(fname='/usr/share/fonts/truetype/dejavu/DejaVuMathTeXGyre.ttf', name='DejaVu Math TeX Gyre', style='normal', variant='normal', weight=400, stretch='normal', size='scalable')) = 10.05
2024-12-08 10:14:22,646 [DEBUG] findfont: score(FontEntry(fname='/usr/share/fonts/truetype/dejavu/DejaVuSansMono-Oblique.ttf', name='DejaVu Sans Mono', style='oblique', variant='normal', weight=400, stretch='normal', size='scalable')) = 11.05
2024-12-08 10:14:22,647 [DEBUG] findfont: score(FontEntry(fname='/usr/share/fonts/truetype/dejavu/DejaVuSansMono-BoldOblique.ttf', name='DejaVu Sans Mono', style='oblique', variant='normal', weight=700, stretch='normal', size='scalable')) = 11.335
2024-12-08 10:14:22,647 [DEBUG] findfont: score(FontEntry(fname='/usr/share/fonts/truetype/dejavu/DejaVuSansMono.ttf', name='DejaVu Sans Mono', style='normal', variant='normal', weight=400, stretch='normal', size='scalable')) = 10.05
2024-12-08 10:14:22,647 [DEBUG] findfont: score(FontEntry(fname='/usr/share/fonts/truetype/dejavu/DejaVuSans-BoldOblique.ttf', name='DejaVu Sans', style='oblique', variant='normal', weight=700, stretch='normal', size='scalable')) = 1.335
2024-12-08 10:14:22,647 [DEBUG] findfont: score(FontEntry(fname='/usr/share/fonts/truetype/dejavu/DejaVuSerifCondensed-BoldItalic.ttf', name='DejaVu Serif', style='italic', variant='normal', weight=700, stretch='condensed', size='scalable')) = 11.535
2024-12-08 10:14:22,647 [DEBUG] findfont: score(FontEntry(fname='/usr/share/fonts/truetype/dejavu/DejaVuSansMono-Bold.ttf', name='DejaVu Sans Mono', style='normal', variant='normal', weight=700, stretch='normal', size='scalable')) = 10.335
2024-12-08 10:14:22,647 [DEBUG] findfont: score(FontEntry(fname='/usr/share/fonts/truetype/dejavu/DejaVuSerifCondensed-Italic.ttf', name='DejaVu Serif', style='italic', variant='normal', weight=400, stretch='condensed', size='scalable')) = 11.25
2024-12-08 10:14:22,647 [DEBUG] findfont: Matching sans\-serif:style=normal:variant=normal:weight=normal:stretch=normal:size=12.0 to DejaVu Sans ('/home22/server/rezaciautocad/venv/lib/python3.10/site-packages/matplotlib/mpl-data/fonts/ttf/DejaVuSans.ttf') with score of 0.050000.
2024-12-08 10:14:22,670 [DEBUG] findfont: Matching sans\-serif:style=normal:variant=normal:weight=normal:stretch=normal:size=8.0.
2024-12-08 10:14:22,671 [DEBUG] findfont: score(FontEntry(fname='/home22/server/rezaciautocad/venv/lib/python3.10/site-packages/matplotlib/mpl-data/fonts/ttf/STIXGeneralBolIta.ttf', name='STIXGeneral', style='italic', variant='normal', weight=700, stretch='normal', size='scalable')) = 11.335
2024-12-08 10:14:22,671 [DEBUG] findfont: score(FontEntry(fname='/home22/server/rezaciautocad/venv/lib/python3.10/site-packages/matplotlib/mpl-data/fonts/ttf/DejaVuSans-BoldOblique.ttf', name='DejaVu Sans', style='oblique', variant='normal', weight=700, stretch='normal', size='scalable')) = 1.335
2024-12-08 10:14:22,671 [DEBUG] findfont: score(FontEntry(fname='/home22/server/rezaciautocad/venv/lib/python3.10/site-packages/matplotlib/mpl-data/fonts/ttf/cmtt10.ttf', name='cmtt10', style='normal', variant='normal', weight=400, stretch='normal', size='scalable')) = 10.05
2024-12-08 10:14:22,671 [DEBUG] findfont: score(FontEntry(fname='/home22/server/rezaciautocad/venv/lib/python3.10/site-packages/matplotlib/mpl-data/fonts/ttf/STIXSizTwoSymReg.ttf', name='STIXSizeTwoSym', style='normal', variant='normal', weight=400, stretch='normal', size='scalable')) = 10.05
2024-12-08 10:14:22,671 [DEBUG] findfont: score(FontEntry(fname='/home22/server/rezaciautocad/venv/lib/python3.10/site-packages/matplotlib/mpl-data/fonts/ttf/cmb10.ttf', name='cmb10', style='normal', variant='normal', weight=400, stretch='normal', size='scalable')) = 10.05
2024-12-08 10:14:22,671 [DEBUG] findfont: score(FontEntry(fname='/home22/server/rezaciautocad/venv/lib/python3.10/site-packages/matplotlib/mpl-data/fonts/ttf/DejaVuSansDisplay.ttf', name='DejaVu Sans Display', style='normal', variant='normal', weight=400, stretch='normal', size='scalable')) = 10.05
2024-12-08 10:14:22,671 [DEBUG] findfont: score(FontEntry(fname='/home22/server/rezaciautocad/venv/lib/python3.10/site-packages/matplotlib/mpl-data/fonts/ttf/STIXSizThreeSymReg.ttf', name='STIXSizeThreeSym', style='normal', variant='normal', weight=400, stretch='normal', size='scalable')) = 10.05
2024-12-08 10:14:22,671 [DEBUG] findfont: score(FontEntry(fname='/home22/server/rezaciautocad/venv/lib/python3.10/site-packages/matplotlib/mpl-data/fonts/ttf/cmr10.ttf', name='cmr10', style='normal', variant='normal', weight=400, stretch='normal', size='scalable')) = 10.05
2024-12-08 10:14:22,671 [DEBUG] findfont: score(FontEntry(fname='/home22/server/rezaciautocad/venv/lib/python3.10/site-packages/matplotlib/mpl-data/fonts/ttf/DejaVuSerif-Italic.ttf', name='DejaVu Serif', style='italic', variant='normal', weight=400, stretch='normal', size='scalable')) = 11.05
2024-12-08 10:14:22,671 [DEBUG] findfont: score(FontEntry(fname='/home22/server/rezaciautocad/venv/lib/python3.10/site-packages/matplotlib/mpl-data/fonts/ttf/STIXSizOneSymReg.ttf', name='STIXSizeOneSym', style='normal', variant='normal', weight=400, stretch='normal', size='scalable')) = 10.05
2024-12-08 10:14:22,671 [DEBUG] findfont: score(FontEntry(fname='/home22/server/rezaciautocad/venv/lib/python3.10/site-packages/matplotlib/mpl-data/fonts/ttf/DejaVuSansMono-Bold.ttf', name='DejaVu Sans Mono', style='normal', variant='normal', weight=700, stretch='normal', size='scalable')) = 10.335
2024-12-08 10:14:22,671 [DEBUG] findfont: score(FontEntry(fname='/home22/server/rezaciautocad/venv/lib/python3.10/site-packages/matplotlib/mpl-data/fonts/ttf/STIXSizFiveSymReg.ttf', name='STIXSizeFiveSym', style='normal', variant='normal', weight=400, stretch='normal', size='scalable')) = 10.05
2024-12-08 10:14:22,671 [DEBUG] findfont: score(FontEntry(fname='/home22/server/rezaciautocad/venv/lib/python3.10/site-packages/matplotlib/mpl-data/fonts/ttf/DejaVuSansMono-Oblique.ttf', name='DejaVu Sans Mono', style='oblique', variant='normal', weight=400, stretch='normal', size='scalable')) = 11.05
2024-12-08 10:14:22,672 [DEBUG] findfont: score(FontEntry(fname='/home22/server/rezaciautocad/venv/lib/python3.10/site-packages/matplotlib/mpl-data/fonts/ttf/STIXSizThreeSymBol.ttf', name='STIXSizeThreeSym', style='normal', variant='normal', weight=700, stretch='normal', size='scalable')) = 10.335
2024-12-08 10:14:22,672 [DEBUG] findfont: score(FontEntry(fname='/home22/server/rezaciautocad/venv/lib/python3.10/site-packages/matplotlib/mpl-data/fonts/ttf/DejaVuSerif.ttf', name='DejaVu Serif', style='normal', variant='normal', weight=400, stretch='normal', size='scalable')) = 10.05
2024-12-08 10:14:22,672 [DEBUG] findfont: score(FontEntry(fname='/home22/server/rezaciautocad/venv/lib/python3.10/site-packages/matplotlib/mpl-data/fonts/ttf/DejaVuSansMono-BoldOblique.ttf', name='DejaVu Sans Mono', style='oblique', variant='normal', weight=700, stretch='normal', size='scalable')) = 11.335
2024-12-08 10:14:22,672 [DEBUG] findfont: score(FontEntry(fname='/home22/server/rezaciautocad/venv/lib/python3.10/site-packages/matplotlib/mpl-data/fonts/ttf/STIXNonUniBolIta.ttf', name='STIXNonUnicode', style='italic', variant='normal', weight=700, stretch='normal', size='scalable')) = 11.335
2024-12-08 10:14:22,672 [DEBUG] findfont: score(FontEntry(fname='/home22/server/rezaciautocad/venv/lib/python3.10/site-packages/matplotlib/mpl-data/fonts/ttf/DejaVuSerif-Bold.ttf', name='DejaVu Serif', style='normal', variant='normal', weight=700, stretch='normal', size='scalable')) = 10.335
2024-12-08 10:14:22,672 [DEBUG] findfont: score(FontEntry(fname='/home22/server/rezaciautocad/venv/lib/python3.10/site-packages/matplotlib/mpl-data/fonts/ttf/STIXGeneralBol.ttf', name='STIXGeneral', style='normal', variant='normal', weight=700, stretch='normal', size='scalable')) = 10.335
2024-12-08 10:14:22,672 [DEBUG] findfont: score(FontEntry(fname='/home22/server/rezaciautocad/venv/lib/python3.10/site-packages/matplotlib/mpl-data/fonts/ttf/STIXGeneralItalic.ttf', name='STIXGeneral', style='italic', variant='normal', weight=400, stretch='normal', size='scalable')) = 11.05
2024-12-08 10:14:22,672 [DEBUG] findfont: score(FontEntry(fname='/home22/server/rezaciautocad/venv/lib/python3.10/site-packages/matplotlib/mpl-data/fonts/ttf/STIXSizFourSymReg.ttf', name='STIXSizeFourSym', style='normal', variant='normal', weight=400, stretch='normal', size='scalable')) = 10.05
2024-12-08 10:14:22,672 [DEBUG] findfont: score(FontEntry(fname='/home22/server/rezaciautocad/venv/lib/python3.10/site-packages/matplotlib/mpl-data/fonts/ttf/STIXNonUniIta.ttf', name='STIXNonUnicode', style='italic', variant='normal', weight=400, stretch='normal', size='scalable')) = 11.05
2024-12-08 10:14:22,672 [DEBUG] findfont: score(FontEntry(fname='/home22/server/rezaciautocad/venv/lib/python3.10/site-packages/matplotlib/mpl-data/fonts/ttf/DejaVuSans-Bold.ttf', name='DejaVu Sans', style='normal', variant='normal', weight=700, stretch='normal', size='scalable')) = 0.33499999999999996
2024-12-08 10:14:22,672 [DEBUG] findfont: score(FontEntry(fname='/home22/server/rezaciautocad/venv/lib/python3.10/site-packages/matplotlib/mpl-data/fonts/ttf/cmex10.ttf', name='cmex10', style='normal', variant='normal', weight=400, stretch='normal', size='scalable')) = 10.05
2024-12-08 10:14:22,672 [DEBUG] findfont: score(FontEntry(fname='/home22/server/rezaciautocad/venv/lib/python3.10/site-packages/matplotlib/mpl-data/fonts/ttf/STIXSizFourSymBol.ttf', name='STIXSizeFourSym', style='normal', variant='normal', weight=700, stretch='normal', size='scalable')) = 10.335
2024-12-08 10:14:22,672 [DEBUG] findfont: score(FontEntry(fname='/home22/server/rezaciautocad/venv/lib/python3.10/site-packages/matplotlib/mpl-data/fonts/ttf/cmss10.ttf', name='cmss10', style='normal', variant='normal', weight=400, stretch='normal', size='scalable')) = 10.05
2024-12-08 10:14:22,672 [DEBUG] findfont: score(FontEntry(fname='/home22/server/rezaciautocad/venv/lib/python3.10/site-packages/matplotlib/mpl-data/fonts/ttf/cmsy10.ttf', name='cmsy10', style='normal', variant='normal', weight=400, stretch='normal', size='scalable')) = 10.05
2024-12-08 10:14:22,673 [DEBUG] findfont: score(FontEntry(fname='/home22/server/rezaciautocad/venv/lib/python3.10/site-packages/matplotlib/mpl-data/fonts/ttf/DejaVuSerifDisplay.ttf', name='DejaVu Serif Display', style='normal', variant='normal', weight=400, stretch='normal', size='scalable')) = 10.05
2024-12-08 10:14:22,673 [DEBUG] findfont: score(FontEntry(fname='/home22/server/rezaciautocad/venv/lib/python3.10/site-packages/matplotlib/mpl-data/fonts/ttf/STIXSizTwoSymBol.ttf', name='STIXSizeTwoSym', style='normal', variant='normal', weight=700, stretch='normal', size='scalable')) = 10.335
2024-12-08 10:14:22,673 [DEBUG] findfont: score(FontEntry(fname='/home22/server/rezaciautocad/venv/lib/python3.10/site-packages/matplotlib/mpl-data/fonts/ttf/STIXNonUni.ttf', name='STIXNonUnicode', style='normal', variant='normal', weight=400, stretch='normal', size='scalable')) = 10.05
2024-12-08 10:14:22,673 [DEBUG] findfont: score(FontEntry(fname='/home22/server/rezaciautocad/venv/lib/python3.10/site-packages/matplotlib/mpl-data/fonts/ttf/DejaVuSansMono.ttf', name='DejaVu Sans Mono', style='normal', variant='normal', weight=400, stretch='normal', size='scalable')) = 10.05
2024-12-08 10:14:22,673 [DEBUG] findfont: score(FontEntry(fname='/home22/server/rezaciautocad/venv/lib/python3.10/site-packages/matplotlib/mpl-data/fonts/ttf/DejaVuSerif-BoldItalic.ttf', name='DejaVu Serif', style='italic', variant='normal', weight=700, stretch='normal', size='scalable')) = 11.335
2024-12-08 10:14:22,673 [DEBUG] findfont: score(FontEntry(fname='/home22/server/rezaciautocad/venv/lib/python3.10/site-packages/matplotlib/mpl-data/fonts/ttf/STIXNonUniBol.ttf', name='STIXNonUnicode', style='normal', variant='normal', weight=700, stretch='normal', size='scalable')) = 10.335
2024-12-08 10:14:22,673 [DEBUG] findfont: score(FontEntry(fname='/home22/server/rezaciautocad/venv/lib/python3.10/site-packages/matplotlib/mpl-data/fonts/ttf/cmmi10.ttf', name='cmmi10', style='normal', variant='normal', weight=400, stretch='normal', size='scalable')) = 10.05
2024-12-08 10:14:22,673 [DEBUG] findfont: score(FontEntry(fname='/home22/server/rezaciautocad/venv/lib/python3.10/site-packages/matplotlib/mpl-data/fonts/ttf/DejaVuSans-Oblique.ttf', name='DejaVu Sans', style='oblique', variant='normal', weight=400, stretch='normal', size='scalable')) = 1.05
2024-12-08 10:14:22,673 [DEBUG] findfont: score(FontEntry(fname='/home22/server/rezaciautocad/venv/lib/python3.10/site-packages/matplotlib/mpl-data/fonts/ttf/DejaVuSans.ttf', name='DejaVu Sans', style='normal', variant='normal', weight=400, stretch='normal', size='scalable')) = 0.05
2024-12-08 10:14:22,673 [DEBUG] findfont: score(FontEntry(fname='/home22/server/rezaciautocad/venv/lib/python3.10/site-packages/matplotlib/mpl-data/fonts/ttf/STIXGeneral.ttf', name='STIXGeneral', style='normal', variant='normal', weight=400, stretch='normal', size='scalable')) = 10.05
2024-12-08 10:14:22,673 [DEBUG] findfont: score(FontEntry(fname='/home22/server/rezaciautocad/venv/lib/python3.10/site-packages/matplotlib/mpl-data/fonts/ttf/STIXSizOneSymBol.ttf', name='STIXSizeOneSym', style='normal', variant='normal', weight=700, stretch='normal', size='scalable')) = 10.335
2024-12-08 10:14:22,674 [DEBUG] findfont: score(FontEntry(fname='/usr/share/fonts/truetype/dejavu/DejaVuSans-Bold.ttf', name='DejaVu Sans', style='normal', variant='normal', weight=700, stretch='normal', size='scalable')) = 0.33499999999999996
2024-12-08 10:14:22,674 [DEBUG] findfont: score(FontEntry(fname='/usr/share/fonts/truetype/dejavu/DejaVuSerif-BoldItalic.ttf', name='DejaVu Serif', style='italic', variant='normal', weight=700, stretch='normal', size='scalable')) = 11.335
2024-12-08 10:14:22,674 [DEBUG] findfont: score(FontEntry(fname='/usr/share/fonts/truetype/quicksand/Quicksand-Medium.ttf', name='Quicksand Medium', style='normal', variant='normal', weight=500, stretch='normal', size='scalable')) = 10.145
2024-12-08 10:14:22,674 [DEBUG] findfont: score(FontEntry(fname='/usr/share/fonts/truetype/dejavu/DejaVuSerif-Italic.ttf', name='DejaVu Serif', style='italic', variant='normal', weight=400, stretch='normal', size='scalable')) = 11.05
2024-12-08 10:14:22,674 [DEBUG] findfont: score(FontEntry(fname='/usr/share/fonts/truetype/quicksand/Quicksand-Bold.ttf', name='Quicksand', style='normal', variant='normal', weight=700, stretch='normal', size='scalable')) = 10.335
2024-12-08 10:14:22,674 [DEBUG] findfont: score(FontEntry(fname='/usr/share/fonts/truetype/dejavu/DejaVuSerif.ttf', name='DejaVu Serif', style='normal', variant='normal', weight=400, stretch='normal', size='scalable')) = 10.05
2024-12-08 10:14:22,674 [DEBUG] findfont: score(FontEntry(fname='/usr/share/fonts/truetype/dejavu/DejaVuSans-Oblique.ttf', name='DejaVu Sans', style='oblique', variant='normal', weight=400, stretch='normal', size='scalable')) = 1.05
2024-12-08 10:14:22,674 [DEBUG] findfont: score(FontEntry(fname='/usr/share/fonts/truetype/dejavu/DejaVuSansCondensed-Bold.ttf', name='DejaVu Sans', style='normal', variant='normal', weight=700, stretch='condensed', size='scalable')) = 0.5349999999999999
2024-12-08 10:14:22,674 [DEBUG] findfont: score(FontEntry(fname='/usr/share/fonts/truetype/dejavu/DejaVuSans.ttf', name='DejaVu Sans', style='normal', variant='normal', weight=400, stretch='normal', size='scalable')) = 0.05
2024-12-08 10:14:22,674 [DEBUG] findfont: score(FontEntry(fname='/usr/share/fonts/truetype/dejavu/DejaVuSans-ExtraLight.ttf', name='DejaVu Sans', style='normal', variant='normal', weight=200, stretch='normal', size='scalable')) = 0.24
2024-12-08 10:14:22,674 [DEBUG] findfont: score(FontEntry(fname='/usr/share/fonts/truetype/quicksand/Quicksand-Regular.ttf', name='Quicksand', style='normal', variant='normal', weight=400, stretch='normal', size='scalable')) = 10.05
2024-12-08 10:14:22,674 [DEBUG] findfont: score(FontEntry(fname='/usr/share/fonts/truetype/dejavu/DejaVuSansCondensed.ttf', name='DejaVu Sans', style='normal', variant='normal', weight=400, stretch='condensed', size='scalable')) = 0.25
2024-12-08 10:14:22,674 [DEBUG] findfont: score(FontEntry(fname='/usr/share/fonts/truetype/dejavu/DejaVuSerif-Bold.ttf', name='DejaVu Serif', style='normal', variant='normal', weight=700, stretch='normal', size='scalable')) = 10.335
2024-12-08 10:14:22,674 [DEBUG] findfont: score(FontEntry(fname='/usr/share/fonts/truetype/dejavu/DejaVuSansCondensed-BoldOblique.ttf', name='DejaVu Sans', style='oblique', variant='normal', weight=700, stretch='condensed', size='scalable')) = 1.535
2024-12-08 10:14:22,674 [DEBUG] findfont: score(FontEntry(fname='/usr/share/fonts/truetype/dejavu/DejaVuSerifCondensed.ttf', name='DejaVu Serif', style='normal', variant='normal', weight=400, stretch='condensed', size='scalable')) = 10.25
2024-12-08 10:14:22,675 [DEBUG] findfont: score(FontEntry(fname='/usr/share/fonts/truetype/dejavu/DejaVuSansCondensed-Oblique.ttf', name='DejaVu Sans', style='oblique', variant='normal', weight=400, stretch='condensed', size='scalable')) = 1.25
2024-12-08 10:14:22,675 [DEBUG] findfont: score(FontEntry(fname='/usr/share/fonts/truetype/dejavu/DejaVuSerifCondensed-Bold.ttf', name='DejaVu Serif', style='normal', variant='normal', weight=700, stretch='condensed', size='scalable')) = 10.535
2024-12-08 10:14:22,675 [DEBUG] findfont: score(FontEntry(fname='/usr/share/fonts/truetype/quicksand/Quicksand-Light.ttf', name='Quicksand Light', style='normal', variant='normal', weight=300, stretch='normal', size='scalable')) = 10.145
2024-12-08 10:14:22,675 [DEBUG] findfont: score(FontEntry(fname='/usr/share/fonts/truetype/dejavu/DejaVuMathTeXGyre.ttf', name='DejaVu Math TeX Gyre', style='normal', variant='normal', weight=400, stretch='normal', size='scalable')) = 10.05
2024-12-08 10:14:22,675 [DEBUG] findfont: score(FontEntry(fname='/usr/share/fonts/truetype/dejavu/DejaVuSansMono-Oblique.ttf', name='DejaVu Sans Mono', style='oblique', variant='normal', weight=400, stretch='normal', size='scalable')) = 11.05
2024-12-08 10:14:22,675 [DEBUG] findfont: score(FontEntry(fname='/usr/share/fonts/truetype/dejavu/DejaVuSansMono-BoldOblique.ttf', name='DejaVu Sans Mono', style='oblique', variant='normal', weight=700, stretch='normal', size='scalable')) = 11.335
2024-12-08 10:14:22,675 [DEBUG] findfont: score(FontEntry(fname='/usr/share/fonts/truetype/dejavu/DejaVuSansMono.ttf', name='DejaVu Sans Mono', style='normal', variant='normal', weight=400, stretch='normal', size='scalable')) = 10.05
2024-12-08 10:14:22,675 [DEBUG] findfont: score(FontEntry(fname='/usr/share/fonts/truetype/dejavu/DejaVuSans-BoldOblique.ttf', name='DejaVu Sans', style='oblique', variant='normal', weight=700, stretch='normal', size='scalable')) = 1.335
2024-12-08 10:14:22,675 [DEBUG] findfont: score(FontEntry(fname='/usr/share/fonts/truetype/dejavu/DejaVuSerifCondensed-BoldItalic.ttf', name='DejaVu Serif', style='italic', variant='normal', weight=700, stretch='condensed', size='scalable')) = 11.535
2024-12-08 10:14:22,675 [DEBUG] findfont: score(FontEntry(fname='/usr/share/fonts/truetype/dejavu/DejaVuSansMono-Bold.ttf', name='DejaVu Sans Mono', style='normal', variant='normal', weight=700, stretch='normal', size='scalable')) = 10.335
2024-12-08 10:14:22,675 [DEBUG] findfont: score(FontEntry(fname='/usr/share/fonts/truetype/dejavu/DejaVuSerifCondensed-Italic.ttf', name='DejaVu Serif', style='italic', variant='normal', weight=400, stretch='condensed', size='scalable')) = 11.25
2024-12-08 10:14:22,675 [DEBUG] findfont: Matching sans\-serif:style=normal:variant=normal:weight=normal:stretch=normal:size=8.0 to DejaVu Sans ('/home22/server/rezaciautocad/venv/lib/python3.10/site-packages/matplotlib/mpl-data/fonts/ttf/DejaVuSans.ttf') with score of 0.050000.
2024-12-08 10:14:23,711 [DEBUG] https://api.telegram.org:443 "POST /bot8177519675:AAE1xLZEyODePjcYC2RlaG7xf2QUCa2aSiE/sendPhoto?chat_id=1175143262&caption=%F0%9F%93%8B+Tabula+%231%0A%F0%9F%93%8F+Plocha+skiel%3A+1.83+m%C2%B2%0A%F0%9F%97%91%EF%B8%8F+Odpad%3A+5.40+m%C2%B2%0A%F0%9F%93%8A+Vyu%C5%BEitie%3A+25.3%25 HTTP/11" 200 1303
2024-12-08 10:14:23,793 [DEBUG] https://api.telegram.org:443 "POST /bot8177519675:AAE1xLZEyODePjcYC2RlaG7xf2QUCa2aSiE/sendMessage?chat_id=1175143262&text=%F0%9F%93%8A+Celkov%C3%BD+s%C3%BAhrn%3A%0A%F0%9F%93%A6+Po%C4%8Det+tab%C3%BA%C4%BE%3A+1%0A%F0%9F%93%8F+Celkov%C3%A1+plocha+skiel%3A+1.83+m%C2%B2%0A%F0%9F%97%91%EF%B8%8F+Priemern%C3%BD+odpad%3A+74.7%25%0A%0AChcete+pokra%C4%8Dova%C5%A5+s+v%C3%BDpo%C4%8Dtom+ceny%3F&reply_markup=%7B%22keyboard%22%3A+%5B%5B%7B%22text%22%3A+%22%5Cu00c1no%22%7D%2C+%7B%22text%22%3A+%22Nie%22%7D%5D%5D%2C+%22resize_keyboard%22%3A+true%7D&reply_parameters=%7B%22message_id%22%3A+25%7D HTTP/11" 200 816
2024-12-08 10:14:26,263 [DEBUG] https://api.telegram.org:443 "GET /bot8177519675:AAE1xLZEyODePjcYC2RlaG7xf2QUCa2aSiE/getUpdates?offset=508533388&timeout=5 HTTP/11" 200 326
2024-12-08 10:14:26,264 [INFO] Spracovávam odpoveď Áno od užívateľa 1175143262
2024-12-08 10:14:26,267 [ERROR] Chyba pri výbere kategórie skla: (sqlite3.OperationalError) no such table: glass_categories
[SQL: SELECT glass_categories.id AS glass_categories_id, glass_categories.name AS glass_categories_name 
FROM glass_categories]
(Background on this error at: https://sqlalche.me/e/20/e3q8)
Traceback (most recent call last):
  File "/home22/server/rezaciautocad/venv/lib/python3.10/site-packages/sqlalchemy/engine/base.py", line 1967, in _exec_single_context
    self.dialect.do_execute(
  File "/home22/server/rezaciautocad/venv/lib/python3.10/site-packages/sqlalchemy/engine/default.py", line 941, in do_execute
    cursor.execute(statement, parameters)
sqlite3.OperationalError: no such table: glass_categories

The above exception was the direct cause of the following exception:

Traceback (most recent call last):
  File "/home22/server/rezaciautocad/bot.py", line 524, in handle_glass_type_selection
    categories = session.query(GlassCategory).all()
  File "/home22/server/rezaciautocad/venv/lib/python3.10/site-packages/sqlalchemy/orm/query.py", line 2673, in all
    return self._iter().all()  # type: ignore
  File "/home22/server/rezaciautocad/venv/lib/python3.10/site-packages/sqlalchemy/orm/query.py", line 2827, in _iter
    result: Union[ScalarResult[_T], Result[_T]] = self.session.execute(
  File "/home22/server/rezaciautocad/venv/lib/python3.10/site-packages/sqlalchemy/orm/session.py", line 2362, in execute
    return self._execute_internal(
  File "/home22/server/rezaciautocad/venv/lib/python3.10/site-packages/sqlalchemy/orm/session.py", line 2247, in _execute_internal
    result: Result[Any] = compile_state_cls.orm_execute_statement(
  File "/home22/server/rezaciautocad/venv/lib/python3.10/site-packages/sqlalchemy/orm/context.py", line 305, in orm_execute_statement
    result = conn.execute(
  File "/home22/server/rezaciautocad/venv/lib/python3.10/site-packages/sqlalchemy/engine/base.py", line 1418, in execute
    return meth(
  File "/home22/server/rezaciautocad/venv/lib/python3.10/site-packages/sqlalchemy/sql/elements.py", line 515, in _execute_on_connection
    return connection._execute_clauseelement(
  File "/home22/server/rezaciautocad/venv/lib/python3.10/site-packages/sqlalchemy/engine/base.py", line 1640, in _execute_clauseelement
    ret = self._execute_context(
  File "/home22/server/rezaciautocad/venv/lib/python3.10/site-packages/sqlalchemy/engine/base.py", line 1846, in _execute_context
    return self._exec_single_context(
  File "/home22/server/rezaciautocad/venv/lib/python3.10/site-packages/sqlalchemy/engine/base.py", line 1986, in _exec_single_context
    self._handle_dbapi_exception(
  File "/home22/server/rezaciautocad/venv/lib/python3.10/site-packages/sqlalchemy/engine/base.py", line 2355, in _handle_dbapi_exception
    raise sqlalchemy_exception.with_traceback(exc_info[2]) from e
  File "/home22/server/rezaciautocad/venv/lib/python3.10/site-packages/sqlalchemy/engine/base.py", line 1967, in _exec_single_context
    self.dialect.do_execute(
  File "/home22/server/rezaciautocad/venv/lib/python3.10/site-packages/sqlalchemy/engine/default.py", line 941, in do_execute
    cursor.execute(statement, parameters)
sqlalchemy.exc.OperationalError: (sqlite3.OperationalError) no such table: glass_categories
[SQL: SELECT glass_categories.id AS glass_categories_id, glass_categories.name AS glass_categories_name 
FROM glass_categories]
(Background on this error at: https://sqlalche.me/e/20/e3q8)
2024-12-08 10:14:26,358 [DEBUG] https://api.telegram.org:443 "POST /bot8177519675:AAE1xLZEyODePjcYC2RlaG7xf2QUCa2aSiE/sendMessage?chat_id=1175143262&text=%E2%9D%8C+Nastala+chyba+pri+v%C3%BDbere+kateg%C3%B3rie+skla&reply_parameters=%7B%22message_id%22%3A+29%7D HTTP/11" 200 616
2024-12-08 10:14:31,277 [DEBUG] https://api.telegram.org:443 "GET /bot8177519675:AAE1xLZEyODePjcYC2RlaG7xf2QUCa2aSiE/getUpdates?offset=508533389&timeout=5 HTTP/11" 200 23
2024-12-08 10:14:36,287 [DEBUG] https://api.telegram.org:443 "GET /bot8177519675:AAE1xLZEyODePjcYC2RlaG7xf2QUCa2aSiE/getUpdates?offset=508533389&timeout=5 HTTP/11" 200 23
2024-12-08 10:14:41,305 [DEBUG] https://api.telegram.org:443 "GET /bot8177519675:AAE1xLZEyODePjcYC2RlaG7xf2QUCa2aSiE/getUpdates?offset=508533389&timeout=5 HTTP/11" 200 23
2024-12-08 10:14:46,316 [DEBUG] https://api.telegram.org:443 "GET /bot8177519675:AAE1xLZEyODePjcYC2RlaG7xf2QUCa2aSiE/getUpdates?offset=508533389&timeout=5 HTTP/11" 200 23
2024-12-08 10:14:51,327 [DEBUG] https://api.telegram.org:443 "GET /bot8177519675:AAE1xLZEyODePjcYC2RlaG7xf2QUCa2aSiE/getUpdates?offset=508533389&timeout=5 HTTP/11" 200 23
2024-12-08 10:14:56,344 [DEBUG] https://api.telegram.org:443 "GET /bot8177519675:AAE1xLZEyODePjcYC2RlaG7xf2QUCa2aSiE/getUpdates?offset=508533389&timeout=5 HTTP/11" 200 23
2024-12-08 10:15:01,357 [DEBUG] https://api.telegram.org:443 "GET /bot8177519675:AAE1xLZEyODePjcYC2RlaG7xf2QUCa2aSiE/getUpdates?offset=508533389&timeout=5 HTTP/11" 200 23
2024-12-08 10:15:06,371 [DEBUG] https://api.telegram.org:443 "GET /bot8177519675:AAE1xLZEyODePjcYC2RlaG7xf2QUCa2aSiE/getUpdates?offset=508533389&timeout=5 HTTP/11" 200 23
2024-12-08 10:15:11,381 [DEBUG] https://api.telegram.org:443 "GET /bot8177519675:AAE1xLZEyODePjcYC2RlaG7xf2QUCa2aSiE/getUpdates?offset=508533389&timeout=5 HTTP/11" 200 23
