2024-12-08 09:59:51,972 [INFO] Logovanie inicializované
2024-12-08 09:59:51,990 [INFO] Inicializcia GlassCuttingBot
2024-12-08 09:59:52,007 [DEBUG] Starting new HTTPS connection (1): api.telegram.org:443
2024-12-08 09:59:54,866 [DEBUG] https://api.telegram.org:443 "GET /bot8177519675:AAE1xLZEyODePjcYC2RlaG7xf2QUCa2aSiE/setWebhook?url= HTTP/11" 200 68
2024-12-08 09:59:55,367 [INFO] Webhook úspešne odstránený
2024-12-08 09:59:55,367 [INFO] GlassCuttingBot inicializovaný
2024-12-08 09:59:55,377 [DEBUG] https://api.telegram.org:443 "GET /bot8177519675:AAE1xLZEyODePjcYC2RlaG7xf2QUCa2aSiE/getMe HTTP/11" 200 278
2024-12-08 09:59:55,381 [DEBUG] Starting new HTTPS connection (1): api.telegram.org:443
2024-12-08 10:00:00,408 [DEBUG] https://api.telegram.org:443 "GET /bot8177519675:AAE1xLZEyODePjcYC2RlaG7xf2QUCa2aSiE/getUpdates?offset=1&timeout=5 HTTP/11" 200 23
2024-12-08 10:00:04,190 [DEBUG] https://api.telegram.org:443 "GET /bot8177519675:AAE1xLZEyODePjcYC2RlaG7xf2QUCa2aSiE/getUpdates?offset=1&timeout=5 HTTP/11" 200 381
2024-12-08 10:00:04,193 [DEBUG] Starting new HTTPS connection (1): api.telegram.org:443
2024-12-08 10:00:04,251 [DEBUG] https://api.telegram.org:443 "POST /bot8177519675:AAE1xLZEyODePjcYC2RlaG7xf2QUCa2aSiE/sendMessage?chat_id=1175143262&text=Vitajte+v+optimaliz%C3%A1tore+rezania+a+kalkul%EF%BF%BD%EF%BF%BDtore+cien+skla%21%0A%0ADostupn%C3%A9+pr%C3%ADkazy%3A%0A%2Fstart+-+Spust%C3%AD+nov%C3%BD+v%C3%BDpo%C4%8Det%0A%2Fhelp+-+Zobraz%C3%AD+n%C3%A1vod+na+pou%C5%BEitie%0A%2Fhistory+-+Zobraz%C3%AD+hist%C3%B3riu+kalkul%C3%A1ci%0A%2Fclear_history+-+Vyma%C5%BEe+hist%C3%B3riu+kalkul%C3%A1ci%C3%AD%0A%0ANajprv+si+pros%C3%ADm+vyberte+rozmer+tabule%3A&reply_markup=%7B%22keyboard%22%3A+%5B%5B%7B%22text%22%3A+%22321+x+225+cm%22%7D%5D%2C+%5B%7B%22text%22%3A+%22160.5+x+255+cm%22%7D%5D%5D%2C+%22resize_keyboard%22%3A+true%7D&reply_parameters=%7B%22message_id%22%3A+1%7D HTTP/11" 200 1186
2024-12-08 10:00:08,970 [DEBUG] https://api.telegram.org:443 "GET /bot8177519675:AAE1xLZEyODePjcYC2RlaG7xf2QUCa2aSiE/getUpdates?offset=508533378&timeout=5 HTTP/11" 200 329
2024-12-08 10:00:08,971 [INFO] Inicializovaný CuttingOptimizer s rozmermi 321x225
2024-12-08 10:00:08,978 [DEBUG] Starting new HTTPS connection (1): api.telegram.org:443
2024-12-08 10:00:09,126 [DEBUG] https://api.telegram.org:443 "POST /bot8177519675:AAE1xLZEyODePjcYC2RlaG7xf2QUCa2aSiE/sendMessage?chat_id=1175143262&text=%E2%9C%85+Vybrali+ste+rozmer%3A+321x225+cm%0A%0ATeraz+zadajte+rozmery+skiel+v+jednom+z+form%C3%A1tov%3A%0A1%EF%B8%8F%E2%83%A3+Jeden+rozmer%3A+100x50+alebo+83.5x92.2%0A2%EF%B8%8F%E2%83%A3+Viac+rozmerov+naraz%3A+100x50-200x30-80.5x90.2%0A&reply_parameters=%7B%22message_id%22%3A+3%7D HTTP/11" 200 768
2024-12-08 10:00:13,985 [DEBUG] https://api.telegram.org:443 "GET /bot8177519675:AAE1xLZEyODePjcYC2RlaG7xf2QUCa2aSiE/getUpdates?offset=508533379&timeout=5 HTTP/11" 200 23
2024-12-08 10:00:14,288 [DEBUG] https://api.telegram.org:443 "GET /bot8177519675:AAE1xLZEyODePjcYC2RlaG7xf2QUCa2aSiE/getUpdates?offset=508533379&timeout=5 HTTP/11" 200 339
2024-12-08 10:00:14,335 [DEBUG] https://api.telegram.org:443 "POST /bot8177519675:AAE1xLZEyODePjcYC2RlaG7xf2QUCa2aSiE/sendMessage?chat_id=1175143262&text=%F0%9F%94%84+Prebieha+v%C3%BDpo%C4%8Det+optim%C3%A1lneho+rozlo%C5%BEenia...&reply_parameters=%7B%22message_id%22%3A+5%7D HTTP/11" 200 647
2024-12-08 10:00:14,335 [INFO] Optimalizujem tabuľu #1 s 1 panelmi
2024-12-08 10:00:14,335 [INFO] Začiatok optimalizácie pre 1 panelov
2024-12-08 10:00:14,428 [DEBUG] Loaded backend Agg version v2.2.
2024-12-08 10:00:14,577 [DEBUG] findfont: Matching sans\-serif:style=normal:variant=normal:weight=normal:stretch=normal:size=10.0.
2024-12-08 10:00:14,586 [DEBUG] findfont: score(FontEntry(fname='/home22/server/rezaciautocad/venv/lib/python3.10/site-packages/matplotlib/mpl-data/fonts/ttf/STIXGeneralBolIta.ttf', name='STIXGeneral', style='italic', variant='normal', weight=700, stretch='normal', size='scalable')) = 11.335
2024-12-08 10:00:14,586 [DEBUG] findfont: score(FontEntry(fname='/home22/server/rezaciautocad/venv/lib/python3.10/site-packages/matplotlib/mpl-data/fonts/ttf/DejaVuSans-BoldOblique.ttf', name='DejaVu Sans', style='oblique', variant='normal', weight=700, stretch='normal', size='scalable')) = 1.335
2024-12-08 10:00:14,586 [DEBUG] findfont: score(FontEntry(fname='/home22/server/rezaciautocad/venv/lib/python3.10/site-packages/matplotlib/mpl-data/fonts/ttf/cmtt10.ttf', name='cmtt10', style='normal', variant='normal', weight=400, stretch='normal', size='scalable')) = 10.05
2024-12-08 10:00:14,586 [DEBUG] findfont: score(FontEntry(fname='/home22/server/rezaciautocad/venv/lib/python3.10/site-packages/matplotlib/mpl-data/fonts/ttf/STIXSizTwoSymReg.ttf', name='STIXSizeTwoSym', style='normal', variant='normal', weight=400, stretch='normal', size='scalable')) = 10.05
2024-12-08 10:00:14,586 [DEBUG] findfont: score(FontEntry(fname='/home22/server/rezaciautocad/venv/lib/python3.10/site-packages/matplotlib/mpl-data/fonts/ttf/cmb10.ttf', name='cmb10', style='normal', variant='normal', weight=400, stretch='normal', size='scalable')) = 10.05
2024-12-08 10:00:14,586 [DEBUG] findfont: score(FontEntry(fname='/home22/server/rezaciautocad/venv/lib/python3.10/site-packages/matplotlib/mpl-data/fonts/ttf/DejaVuSansDisplay.ttf', name='DejaVu Sans Display', style='normal', variant='normal', weight=400, stretch='normal', size='scalable')) = 10.05
2024-12-08 10:00:14,586 [DEBUG] findfont: score(FontEntry(fname='/home22/server/rezaciautocad/venv/lib/python3.10/site-packages/matplotlib/mpl-data/fonts/ttf/STIXSizThreeSymReg.ttf', name='STIXSizeThreeSym', style='normal', variant='normal', weight=400, stretch='normal', size='scalable')) = 10.05
2024-12-08 10:00:14,586 [DEBUG] findfont: score(FontEntry(fname='/home22/server/rezaciautocad/venv/lib/python3.10/site-packages/matplotlib/mpl-data/fonts/ttf/cmr10.ttf', name='cmr10', style='normal', variant='normal', weight=400, stretch='normal', size='scalable')) = 10.05
2024-12-08 10:00:14,586 [DEBUG] findfont: score(FontEntry(fname='/home22/server/rezaciautocad/venv/lib/python3.10/site-packages/matplotlib/mpl-data/fonts/ttf/DejaVuSerif-Italic.ttf', name='DejaVu Serif', style='italic', variant='normal', weight=400, stretch='normal', size='scalable')) = 11.05
2024-12-08 10:00:14,586 [DEBUG] findfont: score(FontEntry(fname='/home22/server/rezaciautocad/venv/lib/python3.10/site-packages/matplotlib/mpl-data/fonts/ttf/STIXSizOneSymReg.ttf', name='STIXSizeOneSym', style='normal', variant='normal', weight=400, stretch='normal', size='scalable')) = 10.05
2024-12-08 10:00:14,586 [DEBUG] findfont: score(FontEntry(fname='/home22/server/rezaciautocad/venv/lib/python3.10/site-packages/matplotlib/mpl-data/fonts/ttf/DejaVuSansMono-Bold.ttf', name='DejaVu Sans Mono', style='normal', variant='normal', weight=700, stretch='normal', size='scalable')) = 10.335
2024-12-08 10:00:14,587 [DEBUG] findfont: score(FontEntry(fname='/home22/server/rezaciautocad/venv/lib/python3.10/site-packages/matplotlib/mpl-data/fonts/ttf/STIXSizFiveSymReg.ttf', name='STIXSizeFiveSym', style='normal', variant='normal', weight=400, stretch='normal', size='scalable')) = 10.05
2024-12-08 10:00:14,587 [DEBUG] findfont: score(FontEntry(fname='/home22/server/rezaciautocad/venv/lib/python3.10/site-packages/matplotlib/mpl-data/fonts/ttf/DejaVuSansMono-Oblique.ttf', name='DejaVu Sans Mono', style='oblique', variant='normal', weight=400, stretch='normal', size='scalable')) = 11.05
2024-12-08 10:00:14,587 [DEBUG] findfont: score(FontEntry(fname='/home22/server/rezaciautocad/venv/lib/python3.10/site-packages/matplotlib/mpl-data/fonts/ttf/STIXSizThreeSymBol.ttf', name='STIXSizeThreeSym', style='normal', variant='normal', weight=700, stretch='normal', size='scalable')) = 10.335
2024-12-08 10:00:14,587 [DEBUG] findfont: score(FontEntry(fname='/home22/server/rezaciautocad/venv/lib/python3.10/site-packages/matplotlib/mpl-data/fonts/ttf/DejaVuSerif.ttf', name='DejaVu Serif', style='normal', variant='normal', weight=400, stretch='normal', size='scalable')) = 10.05
2024-12-08 10:00:14,587 [DEBUG] findfont: score(FontEntry(fname='/home22/server/rezaciautocad/venv/lib/python3.10/site-packages/matplotlib/mpl-data/fonts/ttf/DejaVuSansMono-BoldOblique.ttf', name='DejaVu Sans Mono', style='oblique', variant='normal', weight=700, stretch='normal', size='scalable')) = 11.335
2024-12-08 10:00:14,587 [DEBUG] findfont: score(FontEntry(fname='/home22/server/rezaciautocad/venv/lib/python3.10/site-packages/matplotlib/mpl-data/fonts/ttf/STIXNonUniBolIta.ttf', name='STIXNonUnicode', style='italic', variant='normal', weight=700, stretch='normal', size='scalable')) = 11.335
2024-12-08 10:00:14,587 [DEBUG] findfont: score(FontEntry(fname='/home22/server/rezaciautocad/venv/lib/python3.10/site-packages/matplotlib/mpl-data/fonts/ttf/DejaVuSerif-Bold.ttf', name='DejaVu Serif', style='normal', variant='normal', weight=700, stretch='normal', size='scalable')) = 10.335
2024-12-08 10:00:14,587 [DEBUG] findfont: score(FontEntry(fname='/home22/server/rezaciautocad/venv/lib/python3.10/site-packages/matplotlib/mpl-data/fonts/ttf/STIXGeneralBol.ttf', name='STIXGeneral', style='normal', variant='normal', weight=700, stretch='normal', size='scalable')) = 10.335
2024-12-08 10:00:14,587 [DEBUG] findfont: score(FontEntry(fname='/home22/server/rezaciautocad/venv/lib/python3.10/site-packages/matplotlib/mpl-data/fonts/ttf/STIXGeneralItalic.ttf', name='STIXGeneral', style='italic', variant='normal', weight=400, stretch='normal', size='scalable')) = 11.05
2024-12-08 10:00:14,587 [DEBUG] findfont: score(FontEntry(fname='/home22/server/rezaciautocad/venv/lib/python3.10/site-packages/matplotlib/mpl-data/fonts/ttf/STIXSizFourSymReg.ttf', name='STIXSizeFourSym', style='normal', variant='normal', weight=400, stretch='normal', size='scalable')) = 10.05
2024-12-08 10:00:14,588 [DEBUG] findfont: score(FontEntry(fname='/home22/server/rezaciautocad/venv/lib/python3.10/site-packages/matplotlib/mpl-data/fonts/ttf/STIXNonUniIta.ttf', name='STIXNonUnicode', style='italic', variant='normal', weight=400, stretch='normal', size='scalable')) = 11.05
2024-12-08 10:00:14,588 [DEBUG] findfont: score(FontEntry(fname='/home22/server/rezaciautocad/venv/lib/python3.10/site-packages/matplotlib/mpl-data/fonts/ttf/DejaVuSans-Bold.ttf', name='DejaVu Sans', style='normal', variant='normal', weight=700, stretch='normal', size='scalable')) = 0.33499999999999996
2024-12-08 10:00:14,588 [DEBUG] findfont: score(FontEntry(fname='/home22/server/rezaciautocad/venv/lib/python3.10/site-packages/matplotlib/mpl-data/fonts/ttf/cmex10.ttf', name='cmex10', style='normal', variant='normal', weight=400, stretch='normal', size='scalable')) = 10.05
2024-12-08 10:00:14,588 [DEBUG] findfont: score(FontEntry(fname='/home22/server/rezaciautocad/venv/lib/python3.10/site-packages/matplotlib/mpl-data/fonts/ttf/STIXSizFourSymBol.ttf', name='STIXSizeFourSym', style='normal', variant='normal', weight=700, stretch='normal', size='scalable')) = 10.335
2024-12-08 10:00:14,588 [DEBUG] findfont: score(FontEntry(fname='/home22/server/rezaciautocad/venv/lib/python3.10/site-packages/matplotlib/mpl-data/fonts/ttf/cmss10.ttf', name='cmss10', style='normal', variant='normal', weight=400, stretch='normal', size='scalable')) = 10.05
2024-12-08 10:00:14,588 [DEBUG] findfont: score(FontEntry(fname='/home22/server/rezaciautocad/venv/lib/python3.10/site-packages/matplotlib/mpl-data/fonts/ttf/cmsy10.ttf', name='cmsy10', style='normal', variant='normal', weight=400, stretch='normal', size='scalable')) = 10.05
2024-12-08 10:00:14,588 [DEBUG] findfont: score(FontEntry(fname='/home22/server/rezaciautocad/venv/lib/python3.10/site-packages/matplotlib/mpl-data/fonts/ttf/DejaVuSerifDisplay.ttf', name='DejaVu Serif Display', style='normal', variant='normal', weight=400, stretch='normal', size='scalable')) = 10.05
2024-12-08 10:00:14,588 [DEBUG] findfont: score(FontEntry(fname='/home22/server/rezaciautocad/venv/lib/python3.10/site-packages/matplotlib/mpl-data/fonts/ttf/STIXSizTwoSymBol.ttf', name='STIXSizeTwoSym', style='normal', variant='normal', weight=700, stretch='normal', size='scalable')) = 10.335
2024-12-08 10:00:14,588 [DEBUG] findfont: score(FontEntry(fname='/home22/server/rezaciautocad/venv/lib/python3.10/site-packages/matplotlib/mpl-data/fonts/ttf/STIXNonUni.ttf', name='STIXNonUnicode', style='normal', variant='normal', weight=400, stretch='normal', size='scalable')) = 10.05
2024-12-08 10:00:14,589 [DEBUG] findfont: score(FontEntry(fname='/home22/server/rezaciautocad/venv/lib/python3.10/site-packages/matplotlib/mpl-data/fonts/ttf/DejaVuSansMono.ttf', name='DejaVu Sans Mono', style='normal', variant='normal', weight=400, stretch='normal', size='scalable')) = 10.05
2024-12-08 10:00:14,589 [DEBUG] findfont: score(FontEntry(fname='/home22/server/rezaciautocad/venv/lib/python3.10/site-packages/matplotlib/mpl-data/fonts/ttf/DejaVuSerif-BoldItalic.ttf', name='DejaVu Serif', style='italic', variant='normal', weight=700, stretch='normal', size='scalable')) = 11.335
2024-12-08 10:00:14,589 [DEBUG] findfont: score(FontEntry(fname='/home22/server/rezaciautocad/venv/lib/python3.10/site-packages/matplotlib/mpl-data/fonts/ttf/STIXNonUniBol.ttf', name='STIXNonUnicode', style='normal', variant='normal', weight=700, stretch='normal', size='scalable')) = 10.335
2024-12-08 10:00:14,589 [DEBUG] findfont: score(FontEntry(fname='/home22/server/rezaciautocad/venv/lib/python3.10/site-packages/matplotlib/mpl-data/fonts/ttf/cmmi10.ttf', name='cmmi10', style='normal', variant='normal', weight=400, stretch='normal', size='scalable')) = 10.05
2024-12-08 10:00:14,589 [DEBUG] findfont: score(FontEntry(fname='/home22/server/rezaciautocad/venv/lib/python3.10/site-packages/matplotlib/mpl-data/fonts/ttf/DejaVuSans-Oblique.ttf', name='DejaVu Sans', style='oblique', variant='normal', weight=400, stretch='normal', size='scalable')) = 1.05
2024-12-08 10:00:14,589 [DEBUG] findfont: score(FontEntry(fname='/home22/server/rezaciautocad/venv/lib/python3.10/site-packages/matplotlib/mpl-data/fonts/ttf/DejaVuSans.ttf', name='DejaVu Sans', style='normal', variant='normal', weight=400, stretch='normal', size='scalable')) = 0.05
2024-12-08 10:00:14,589 [DEBUG] findfont: score(FontEntry(fname='/home22/server/rezaciautocad/venv/lib/python3.10/site-packages/matplotlib/mpl-data/fonts/ttf/STIXGeneral.ttf', name='STIXGeneral', style='normal', variant='normal', weight=400, stretch='normal', size='scalable')) = 10.05
2024-12-08 10:00:14,589 [DEBUG] findfont: score(FontEntry(fname='/home22/server/rezaciautocad/venv/lib/python3.10/site-packages/matplotlib/mpl-data/fonts/ttf/STIXSizOneSymBol.ttf', name='STIXSizeOneSym', style='normal', variant='normal', weight=700, stretch='normal', size='scalable')) = 10.335
2024-12-08 10:00:14,589 [DEBUG] findfont: score(FontEntry(fname='/usr/share/fonts/truetype/dejavu/DejaVuSans-Bold.ttf', name='DejaVu Sans', style='normal', variant='normal', weight=700, stretch='normal', size='scalable')) = 0.33499999999999996
2024-12-08 10:00:14,589 [DEBUG] findfont: score(FontEntry(fname='/usr/share/fonts/truetype/dejavu/DejaVuSerif-BoldItalic.ttf', name='DejaVu Serif', style='italic', variant='normal', weight=700, stretch='normal', size='scalable')) = 11.335
2024-12-08 10:00:14,589 [DEBUG] findfont: score(FontEntry(fname='/usr/share/fonts/truetype/quicksand/Quicksand-Medium.ttf', name='Quicksand Medium', style='normal', variant='normal', weight=500, stretch='normal', size='scalable')) = 10.145
2024-12-08 10:00:14,589 [DEBUG] findfont: score(FontEntry(fname='/usr/share/fonts/truetype/dejavu/DejaVuSerif-Italic.ttf', name='DejaVu Serif', style='italic', variant='normal', weight=400, stretch='normal', size='scalable')) = 11.05
2024-12-08 10:00:14,589 [DEBUG] findfont: score(FontEntry(fname='/usr/share/fonts/truetype/quicksand/Quicksand-Bold.ttf', name='Quicksand', style='normal', variant='normal', weight=700, stretch='normal', size='scalable')) = 10.335
2024-12-08 10:00:14,590 [DEBUG] findfont: score(FontEntry(fname='/usr/share/fonts/truetype/dejavu/DejaVuSerif.ttf', name='DejaVu Serif', style='normal', variant='normal', weight=400, stretch='normal', size='scalable')) = 10.05
2024-12-08 10:00:14,590 [DEBUG] findfont: score(FontEntry(fname='/usr/share/fonts/truetype/dejavu/DejaVuSans-Oblique.ttf', name='DejaVu Sans', style='oblique', variant='normal', weight=400, stretch='normal', size='scalable')) = 1.05
2024-12-08 10:00:14,590 [DEBUG] findfont: score(FontEntry(fname='/usr/share/fonts/truetype/dejavu/DejaVuSansCondensed-Bold.ttf', name='DejaVu Sans', style='normal', variant='normal', weight=700, stretch='condensed', size='scalable')) = 0.5349999999999999
2024-12-08 10:00:14,590 [DEBUG] findfont: score(FontEntry(fname='/usr/share/fonts/truetype/dejavu/DejaVuSans.ttf', name='DejaVu Sans', style='normal', variant='normal', weight=400, stretch='normal', size='scalable')) = 0.05
2024-12-08 10:00:14,590 [DEBUG] findfont: score(FontEntry(fname='/usr/share/fonts/truetype/dejavu/DejaVuSans-ExtraLight.ttf', name='DejaVu Sans', style='normal', variant='normal', weight=200, stretch='normal', size='scalable')) = 0.24
2024-12-08 10:00:14,590 [DEBUG] findfont: score(FontEntry(fname='/usr/share/fonts/truetype/quicksand/Quicksand-Regular.ttf', name='Quicksand', style='normal', variant='normal', weight=400, stretch='normal', size='scalable')) = 10.05
2024-12-08 10:00:14,590 [DEBUG] findfont: score(FontEntry(fname='/usr/share/fonts/truetype/dejavu/DejaVuSansCondensed.ttf', name='DejaVu Sans', style='normal', variant='normal', weight=400, stretch='condensed', size='scalable')) = 0.25
2024-12-08 10:00:14,590 [DEBUG] findfont: score(FontEntry(fname='/usr/share/fonts/truetype/dejavu/DejaVuSerif-Bold.ttf', name='DejaVu Serif', style='normal', variant='normal', weight=700, stretch='normal', size='scalable')) = 10.335
2024-12-08 10:00:14,590 [DEBUG] findfont: score(FontEntry(fname='/usr/share/fonts/truetype/dejavu/DejaVuSansCondensed-BoldOblique.ttf', name='DejaVu Sans', style='oblique', variant='normal', weight=700, stretch='condensed', size='scalable')) = 1.535
2024-12-08 10:00:14,590 [DEBUG] findfont: score(FontEntry(fname='/usr/share/fonts/truetype/dejavu/DejaVuSerifCondensed.ttf', name='DejaVu Serif', style='normal', variant='normal', weight=400, stretch='condensed', size='scalable')) = 10.25
2024-12-08 10:00:14,590 [DEBUG] findfont: score(FontEntry(fname='/usr/share/fonts/truetype/dejavu/DejaVuSansCondensed-Oblique.ttf', name='DejaVu Sans', style='oblique', variant='normal', weight=400, stretch='condensed', size='scalable')) = 1.25
2024-12-08 10:00:14,591 [DEBUG] findfont: score(FontEntry(fname='/usr/share/fonts/truetype/dejavu/DejaVuSerifCondensed-Bold.ttf', name='DejaVu Serif', style='normal', variant='normal', weight=700, stretch='condensed', size='scalable')) = 10.535
2024-12-08 10:00:14,591 [DEBUG] findfont: score(FontEntry(fname='/usr/share/fonts/truetype/quicksand/Quicksand-Light.ttf', name='Quicksand Light', style='normal', variant='normal', weight=300, stretch='normal', size='scalable')) = 10.145
2024-12-08 10:00:14,591 [DEBUG] findfont: score(FontEntry(fname='/usr/share/fonts/truetype/dejavu/DejaVuMathTeXGyre.ttf', name='DejaVu Math TeX Gyre', style='normal', variant='normal', weight=400, stretch='normal', size='scalable')) = 10.05
2024-12-08 10:00:14,591 [DEBUG] findfont: score(FontEntry(fname='/usr/share/fonts/truetype/dejavu/DejaVuSansMono-Oblique.ttf', name='DejaVu Sans Mono', style='oblique', variant='normal', weight=400, stretch='normal', size='scalable')) = 11.05
2024-12-08 10:00:14,591 [DEBUG] findfont: score(FontEntry(fname='/usr/share/fonts/truetype/dejavu/DejaVuSansMono-BoldOblique.ttf', name='DejaVu Sans Mono', style='oblique', variant='normal', weight=700, stretch='normal', size='scalable')) = 11.335
2024-12-08 10:00:14,591 [DEBUG] findfont: score(FontEntry(fname='/usr/share/fonts/truetype/dejavu/DejaVuSansMono.ttf', name='DejaVu Sans Mono', style='normal', variant='normal', weight=400, stretch='normal', size='scalable')) = 10.05
2024-12-08 10:00:14,591 [DEBUG] findfont: score(FontEntry(fname='/usr/share/fonts/truetype/dejavu/DejaVuSans-BoldOblique.ttf', name='DejaVu Sans', style='oblique', variant='normal', weight=700, stretch='normal', size='scalable')) = 1.335
2024-12-08 10:00:14,591 [DEBUG] findfont: score(FontEntry(fname='/usr/share/fonts/truetype/dejavu/DejaVuSerifCondensed-BoldItalic.ttf', name='DejaVu Serif', style='italic', variant='normal', weight=700, stretch='condensed', size='scalable')) = 11.535
2024-12-08 10:00:14,591 [DEBUG] findfont: score(FontEntry(fname='/usr/share/fonts/truetype/dejavu/DejaVuSansMono-Bold.ttf', name='DejaVu Sans Mono', style='normal', variant='normal', weight=700, stretch='normal', size='scalable')) = 10.335
2024-12-08 10:00:14,591 [DEBUG] findfont: score(FontEntry(fname='/usr/share/fonts/truetype/dejavu/DejaVuSerifCondensed-Italic.ttf', name='DejaVu Serif', style='italic', variant='normal', weight=400, stretch='condensed', size='scalable')) = 11.25
2024-12-08 10:00:14,591 [DEBUG] findfont: Matching sans\-serif:style=normal:variant=normal:weight=normal:stretch=normal:size=10.0 to DejaVu Sans ('/home22/server/rezaciautocad/venv/lib/python3.10/site-packages/matplotlib/mpl-data/fonts/ttf/DejaVuSans.ttf') with score of 0.050000.
2024-12-08 10:00:15,101 [DEBUG] findfont: Matching sans\-serif:style=normal:variant=normal:weight=normal:stretch=normal:size=12.0.
2024-12-08 10:00:15,102 [DEBUG] findfont: score(FontEntry(fname='/home22/server/rezaciautocad/venv/lib/python3.10/site-packages/matplotlib/mpl-data/fonts/ttf/STIXGeneralBolIta.ttf', name='STIXGeneral', style='italic', variant='normal', weight=700, stretch='normal', size='scalable')) = 11.335
2024-12-08 10:00:15,102 [DEBUG] findfont: score(FontEntry(fname='/home22/server/rezaciautocad/venv/lib/python3.10/site-packages/matplotlib/mpl-data/fonts/ttf/DejaVuSans-BoldOblique.ttf', name='DejaVu Sans', style='oblique', variant='normal', weight=700, stretch='normal', size='scalable')) = 1.335
2024-12-08 10:00:15,102 [DEBUG] findfont: score(FontEntry(fname='/home22/server/rezaciautocad/venv/lib/python3.10/site-packages/matplotlib/mpl-data/fonts/ttf/cmtt10.ttf', name='cmtt10', style='normal', variant='normal', weight=400, stretch='normal', size='scalable')) = 10.05
2024-12-08 10:00:15,102 [DEBUG] findfont: score(FontEntry(fname='/home22/server/rezaciautocad/venv/lib/python3.10/site-packages/matplotlib/mpl-data/fonts/ttf/STIXSizTwoSymReg.ttf', name='STIXSizeTwoSym', style='normal', variant='normal', weight=400, stretch='normal', size='scalable')) = 10.05
2024-12-08 10:00:15,102 [DEBUG] findfont: score(FontEntry(fname='/home22/server/rezaciautocad/venv/lib/python3.10/site-packages/matplotlib/mpl-data/fonts/ttf/cmb10.ttf', name='cmb10', style='normal', variant='normal', weight=400, stretch='normal', size='scalable')) = 10.05
2024-12-08 10:00:15,102 [DEBUG] findfont: score(FontEntry(fname='/home22/server/rezaciautocad/venv/lib/python3.10/site-packages/matplotlib/mpl-data/fonts/ttf/DejaVuSansDisplay.ttf', name='DejaVu Sans Display', style='normal', variant='normal', weight=400, stretch='normal', size='scalable')) = 10.05
2024-12-08 10:00:15,102 [DEBUG] findfont: score(FontEntry(fname='/home22/server/rezaciautocad/venv/lib/python3.10/site-packages/matplotlib/mpl-data/fonts/ttf/STIXSizThreeSymReg.ttf', name='STIXSizeThreeSym', style='normal', variant='normal', weight=400, stretch='normal', size='scalable')) = 10.05
2024-12-08 10:00:15,102 [DEBUG] findfont: score(FontEntry(fname='/home22/server/rezaciautocad/venv/lib/python3.10/site-packages/matplotlib/mpl-data/fonts/ttf/cmr10.ttf', name='cmr10', style='normal', variant='normal', weight=400, stretch='normal', size='scalable')) = 10.05
2024-12-08 10:00:15,103 [DEBUG] findfont: score(FontEntry(fname='/home22/server/rezaciautocad/venv/lib/python3.10/site-packages/matplotlib/mpl-data/fonts/ttf/DejaVuSerif-Italic.ttf', name='DejaVu Serif', style='italic', variant='normal', weight=400, stretch='normal', size='scalable')) = 11.05
2024-12-08 10:00:15,103 [DEBUG] findfont: score(FontEntry(fname='/home22/server/rezaciautocad/venv/lib/python3.10/site-packages/matplotlib/mpl-data/fonts/ttf/STIXSizOneSymReg.ttf', name='STIXSizeOneSym', style='normal', variant='normal', weight=400, stretch='normal', size='scalable')) = 10.05
2024-12-08 10:00:15,103 [DEBUG] findfont: score(FontEntry(fname='/home22/server/rezaciautocad/venv/lib/python3.10/site-packages/matplotlib/mpl-data/fonts/ttf/DejaVuSansMono-Bold.ttf', name='DejaVu Sans Mono', style='normal', variant='normal', weight=700, stretch='normal', size='scalable')) = 10.335
2024-12-08 10:00:15,103 [DEBUG] findfont: score(FontEntry(fname='/home22/server/rezaciautocad/venv/lib/python3.10/site-packages/matplotlib/mpl-data/fonts/ttf/STIXSizFiveSymReg.ttf', name='STIXSizeFiveSym', style='normal', variant='normal', weight=400, stretch='normal', size='scalable')) = 10.05
2024-12-08 10:00:15,103 [DEBUG] findfont: score(FontEntry(fname='/home22/server/rezaciautocad/venv/lib/python3.10/site-packages/matplotlib/mpl-data/fonts/ttf/DejaVuSansMono-Oblique.ttf', name='DejaVu Sans Mono', style='oblique', variant='normal', weight=400, stretch='normal', size='scalable')) = 11.05
2024-12-08 10:00:15,103 [DEBUG] findfont: score(FontEntry(fname='/home22/server/rezaciautocad/venv/lib/python3.10/site-packages/matplotlib/mpl-data/fonts/ttf/STIXSizThreeSymBol.ttf', name='STIXSizeThreeSym', style='normal', variant='normal', weight=700, stretch='normal', size='scalable')) = 10.335
2024-12-08 10:00:15,103 [DEBUG] findfont: score(FontEntry(fname='/home22/server/rezaciautocad/venv/lib/python3.10/site-packages/matplotlib/mpl-data/fonts/ttf/DejaVuSerif.ttf', name='DejaVu Serif', style='normal', variant='normal', weight=400, stretch='normal', size='scalable')) = 10.05
2024-12-08 10:00:15,103 [DEBUG] findfont: score(FontEntry(fname='/home22/server/rezaciautocad/venv/lib/python3.10/site-packages/matplotlib/mpl-data/fonts/ttf/DejaVuSansMono-BoldOblique.ttf', name='DejaVu Sans Mono', style='oblique', variant='normal', weight=700, stretch='normal', size='scalable')) = 11.335
2024-12-08 10:00:15,103 [DEBUG] findfont: score(FontEntry(fname='/home22/server/rezaciautocad/venv/lib/python3.10/site-packages/matplotlib/mpl-data/fonts/ttf/STIXNonUniBolIta.ttf', name='STIXNonUnicode', style='italic', variant='normal', weight=700, stretch='normal', size='scalable')) = 11.335
2024-12-08 10:00:15,103 [DEBUG] findfont: score(FontEntry(fname='/home22/server/rezaciautocad/venv/lib/python3.10/site-packages/matplotlib/mpl-data/fonts/ttf/DejaVuSerif-Bold.ttf', name='DejaVu Serif', style='normal', variant='normal', weight=700, stretch='normal', size='scalable')) = 10.335
2024-12-08 10:00:15,104 [DEBUG] findfont: score(FontEntry(fname='/home22/server/rezaciautocad/venv/lib/python3.10/site-packages/matplotlib/mpl-data/fonts/ttf/STIXGeneralBol.ttf', name='STIXGeneral', style='normal', variant='normal', weight=700, stretch='normal', size='scalable')) = 10.335
2024-12-08 10:00:15,104 [DEBUG] findfont: score(FontEntry(fname='/home22/server/rezaciautocad/venv/lib/python3.10/site-packages/matplotlib/mpl-data/fonts/ttf/STIXGeneralItalic.ttf', name='STIXGeneral', style='italic', variant='normal', weight=400, stretch='normal', size='scalable')) = 11.05
2024-12-08 10:00:15,104 [DEBUG] findfont: score(FontEntry(fname='/home22/server/rezaciautocad/venv/lib/python3.10/site-packages/matplotlib/mpl-data/fonts/ttf/STIXSizFourSymReg.ttf', name='STIXSizeFourSym', style='normal', variant='normal', weight=400, stretch='normal', size='scalable')) = 10.05
2024-12-08 10:00:15,104 [DEBUG] findfont: score(FontEntry(fname='/home22/server/rezaciautocad/venv/lib/python3.10/site-packages/matplotlib/mpl-data/fonts/ttf/STIXNonUniIta.ttf', name='STIXNonUnicode', style='italic', variant='normal', weight=400, stretch='normal', size='scalable')) = 11.05
2024-12-08 10:00:15,104 [DEBUG] findfont: score(FontEntry(fname='/home22/server/rezaciautocad/venv/lib/python3.10/site-packages/matplotlib/mpl-data/fonts/ttf/DejaVuSans-Bold.ttf', name='DejaVu Sans', style='normal', variant='normal', weight=700, stretch='normal', size='scalable')) = 0.33499999999999996
2024-12-08 10:00:15,104 [DEBUG] findfont: score(FontEntry(fname='/home22/server/rezaciautocad/venv/lib/python3.10/site-packages/matplotlib/mpl-data/fonts/ttf/cmex10.ttf', name='cmex10', style='normal', variant='normal', weight=400, stretch='normal', size='scalable')) = 10.05
2024-12-08 10:00:15,177 [DEBUG] findfont: score(FontEntry(fname='/home22/server/rezaciautocad/venv/lib/python3.10/site-packages/matplotlib/mpl-data/fonts/ttf/STIXSizFourSymBol.ttf', name='STIXSizeFourSym', style='normal', variant='normal', weight=700, stretch='normal', size='scalable')) = 10.335
2024-12-08 10:00:15,177 [DEBUG] findfont: score(FontEntry(fname='/home22/server/rezaciautocad/venv/lib/python3.10/site-packages/matplotlib/mpl-data/fonts/ttf/cmss10.ttf', name='cmss10', style='normal', variant='normal', weight=400, stretch='normal', size='scalable')) = 10.05
2024-12-08 10:00:15,177 [DEBUG] findfont: score(FontEntry(fname='/home22/server/rezaciautocad/venv/lib/python3.10/site-packages/matplotlib/mpl-data/fonts/ttf/cmsy10.ttf', name='cmsy10', style='normal', variant='normal', weight=400, stretch='normal', size='scalable')) = 10.05
2024-12-08 10:00:15,177 [DEBUG] findfont: score(FontEntry(fname='/home22/server/rezaciautocad/venv/lib/python3.10/site-packages/matplotlib/mpl-data/fonts/ttf/DejaVuSerifDisplay.ttf', name='DejaVu Serif Display', style='normal', variant='normal', weight=400, stretch='normal', size='scalable')) = 10.05
2024-12-08 10:00:15,177 [DEBUG] findfont: score(FontEntry(fname='/home22/server/rezaciautocad/venv/lib/python3.10/site-packages/matplotlib/mpl-data/fonts/ttf/STIXSizTwoSymBol.ttf', name='STIXSizeTwoSym', style='normal', variant='normal', weight=700, stretch='normal', size='scalable')) = 10.335
2024-12-08 10:00:15,177 [DEBUG] findfont: score(FontEntry(fname='/home22/server/rezaciautocad/venv/lib/python3.10/site-packages/matplotlib/mpl-data/fonts/ttf/STIXNonUni.ttf', name='STIXNonUnicode', style='normal', variant='normal', weight=400, stretch='normal', size='scalable')) = 10.05
2024-12-08 10:00:15,178 [DEBUG] findfont: score(FontEntry(fname='/home22/server/rezaciautocad/venv/lib/python3.10/site-packages/matplotlib/mpl-data/fonts/ttf/DejaVuSansMono.ttf', name='DejaVu Sans Mono', style='normal', variant='normal', weight=400, stretch='normal', size='scalable')) = 10.05
2024-12-08 10:00:15,178 [DEBUG] findfont: score(FontEntry(fname='/home22/server/rezaciautocad/venv/lib/python3.10/site-packages/matplotlib/mpl-data/fonts/ttf/DejaVuSerif-BoldItalic.ttf', name='DejaVu Serif', style='italic', variant='normal', weight=700, stretch='normal', size='scalable')) = 11.335
2024-12-08 10:00:15,178 [DEBUG] findfont: score(FontEntry(fname='/home22/server/rezaciautocad/venv/lib/python3.10/site-packages/matplotlib/mpl-data/fonts/ttf/STIXNonUniBol.ttf', name='STIXNonUnicode', style='normal', variant='normal', weight=700, stretch='normal', size='scalable')) = 10.335
2024-12-08 10:00:15,178 [DEBUG] findfont: score(FontEntry(fname='/home22/server/rezaciautocad/venv/lib/python3.10/site-packages/matplotlib/mpl-data/fonts/ttf/cmmi10.ttf', name='cmmi10', style='normal', variant='normal', weight=400, stretch='normal', size='scalable')) = 10.05
2024-12-08 10:00:15,178 [DEBUG] findfont: score(FontEntry(fname='/home22/server/rezaciautocad/venv/lib/python3.10/site-packages/matplotlib/mpl-data/fonts/ttf/DejaVuSans-Oblique.ttf', name='DejaVu Sans', style='oblique', variant='normal', weight=400, stretch='normal', size='scalable')) = 1.05
2024-12-08 10:00:15,178 [DEBUG] findfont: score(FontEntry(fname='/home22/server/rezaciautocad/venv/lib/python3.10/site-packages/matplotlib/mpl-data/fonts/ttf/DejaVuSans.ttf', name='DejaVu Sans', style='normal', variant='normal', weight=400, stretch='normal', size='scalable')) = 0.05
2024-12-08 10:00:15,178 [DEBUG] findfont: score(FontEntry(fname='/home22/server/rezaciautocad/venv/lib/python3.10/site-packages/matplotlib/mpl-data/fonts/ttf/STIXGeneral.ttf', name='STIXGeneral', style='normal', variant='normal', weight=400, stretch='normal', size='scalable')) = 10.05
2024-12-08 10:00:15,178 [DEBUG] findfont: score(FontEntry(fname='/home22/server/rezaciautocad/venv/lib/python3.10/site-packages/matplotlib/mpl-data/fonts/ttf/STIXSizOneSymBol.ttf', name='STIXSizeOneSym', style='normal', variant='normal', weight=700, stretch='normal', size='scalable')) = 10.335
2024-12-08 10:00:15,178 [DEBUG] findfont: score(FontEntry(fname='/usr/share/fonts/truetype/dejavu/DejaVuSans-Bold.ttf', name='DejaVu Sans', style='normal', variant='normal', weight=700, stretch='normal', size='scalable')) = 0.33499999999999996
2024-12-08 10:00:15,178 [DEBUG] findfont: score(FontEntry(fname='/usr/share/fonts/truetype/dejavu/DejaVuSerif-BoldItalic.ttf', name='DejaVu Serif', style='italic', variant='normal', weight=700, stretch='normal', size='scalable')) = 11.335
2024-12-08 10:00:15,179 [DEBUG] findfont: score(FontEntry(fname='/usr/share/fonts/truetype/quicksand/Quicksand-Medium.ttf', name='Quicksand Medium', style='normal', variant='normal', weight=500, stretch='normal', size='scalable')) = 10.145
2024-12-08 10:00:15,179 [DEBUG] findfont: score(FontEntry(fname='/usr/share/fonts/truetype/dejavu/DejaVuSerif-Italic.ttf', name='DejaVu Serif', style='italic', variant='normal', weight=400, stretch='normal', size='scalable')) = 11.05
2024-12-08 10:00:15,179 [DEBUG] findfont: score(FontEntry(fname='/usr/share/fonts/truetype/quicksand/Quicksand-Bold.ttf', name='Quicksand', style='normal', variant='normal', weight=700, stretch='normal', size='scalable')) = 10.335
2024-12-08 10:00:15,179 [DEBUG] findfont: score(FontEntry(fname='/usr/share/fonts/truetype/dejavu/DejaVuSerif.ttf', name='DejaVu Serif', style='normal', variant='normal', weight=400, stretch='normal', size='scalable')) = 10.05
2024-12-08 10:00:15,179 [DEBUG] findfont: score(FontEntry(fname='/usr/share/fonts/truetype/dejavu/DejaVuSans-Oblique.ttf', name='DejaVu Sans', style='oblique', variant='normal', weight=400, stretch='normal', size='scalable')) = 1.05
2024-12-08 10:00:15,179 [DEBUG] findfont: score(FontEntry(fname='/usr/share/fonts/truetype/dejavu/DejaVuSansCondensed-Bold.ttf', name='DejaVu Sans', style='normal', variant='normal', weight=700, stretch='condensed', size='scalable')) = 0.5349999999999999
2024-12-08 10:00:15,179 [DEBUG] findfont: score(FontEntry(fname='/usr/share/fonts/truetype/dejavu/DejaVuSans.ttf', name='DejaVu Sans', style='normal', variant='normal', weight=400, stretch='normal', size='scalable')) = 0.05
2024-12-08 10:00:15,179 [DEBUG] findfont: score(FontEntry(fname='/usr/share/fonts/truetype/dejavu/DejaVuSans-ExtraLight.ttf', name='DejaVu Sans', style='normal', variant='normal', weight=200, stretch='normal', size='scalable')) = 0.24
2024-12-08 10:00:15,179 [DEBUG] findfont: score(FontEntry(fname='/usr/share/fonts/truetype/quicksand/Quicksand-Regular.ttf', name='Quicksand', style='normal', variant='normal', weight=400, stretch='normal', size='scalable')) = 10.05
2024-12-08 10:00:15,179 [DEBUG] findfont: score(FontEntry(fname='/usr/share/fonts/truetype/dejavu/DejaVuSansCondensed.ttf', name='DejaVu Sans', style='normal', variant='normal', weight=400, stretch='condensed', size='scalable')) = 0.25
2024-12-08 10:00:15,179 [DEBUG] findfont: score(FontEntry(fname='/usr/share/fonts/truetype/dejavu/DejaVuSerif-Bold.ttf', name='DejaVu Serif', style='normal', variant='normal', weight=700, stretch='normal', size='scalable')) = 10.335
2024-12-08 10:00:15,180 [DEBUG] findfont: score(FontEntry(fname='/usr/share/fonts/truetype/dejavu/DejaVuSansCondensed-BoldOblique.ttf', name='DejaVu Sans', style='oblique', variant='normal', weight=700, stretch='condensed', size='scalable')) = 1.535
2024-12-08 10:00:15,180 [DEBUG] findfont: score(FontEntry(fname='/usr/share/fonts/truetype/dejavu/DejaVuSerifCondensed.ttf', name='DejaVu Serif', style='normal', variant='normal', weight=400, stretch='condensed', size='scalable')) = 10.25
2024-12-08 10:00:15,180 [DEBUG] findfont: score(FontEntry(fname='/usr/share/fonts/truetype/dejavu/DejaVuSansCondensed-Oblique.ttf', name='DejaVu Sans', style='oblique', variant='normal', weight=400, stretch='condensed', size='scalable')) = 1.25
2024-12-08 10:00:15,180 [DEBUG] findfont: score(FontEntry(fname='/usr/share/fonts/truetype/dejavu/DejaVuSerifCondensed-Bold.ttf', name='DejaVu Serif', style='normal', variant='normal', weight=700, stretch='condensed', size='scalable')) = 10.535
2024-12-08 10:00:15,180 [DEBUG] findfont: score(FontEntry(fname='/usr/share/fonts/truetype/quicksand/Quicksand-Light.ttf', name='Quicksand Light', style='normal', variant='normal', weight=300, stretch='normal', size='scalable')) = 10.145
2024-12-08 10:00:15,180 [DEBUG] findfont: score(FontEntry(fname='/usr/share/fonts/truetype/dejavu/DejaVuMathTeXGyre.ttf', name='DejaVu Math TeX Gyre', style='normal', variant='normal', weight=400, stretch='normal', size='scalable')) = 10.05
2024-12-08 10:00:15,180 [DEBUG] findfont: score(FontEntry(fname='/usr/share/fonts/truetype/dejavu/DejaVuSansMono-Oblique.ttf', name='DejaVu Sans Mono', style='oblique', variant='normal', weight=400, stretch='normal', size='scalable')) = 11.05
2024-12-08 10:00:15,180 [DEBUG] findfont: score(FontEntry(fname='/usr/share/fonts/truetype/dejavu/DejaVuSansMono-BoldOblique.ttf', name='DejaVu Sans Mono', style='oblique', variant='normal', weight=700, stretch='normal', size='scalable')) = 11.335
2024-12-08 10:00:15,180 [DEBUG] findfont: score(FontEntry(fname='/usr/share/fonts/truetype/dejavu/DejaVuSansMono.ttf', name='DejaVu Sans Mono', style='normal', variant='normal', weight=400, stretch='normal', size='scalable')) = 10.05
2024-12-08 10:00:15,180 [DEBUG] findfont: score(FontEntry(fname='/usr/share/fonts/truetype/dejavu/DejaVuSans-BoldOblique.ttf', name='DejaVu Sans', style='oblique', variant='normal', weight=700, stretch='normal', size='scalable')) = 1.335
2024-12-08 10:00:15,180 [DEBUG] findfont: score(FontEntry(fname='/usr/share/fonts/truetype/dejavu/DejaVuSerifCondensed-BoldItalic.ttf', name='DejaVu Serif', style='italic', variant='normal', weight=700, stretch='condensed', size='scalable')) = 11.535
2024-12-08 10:00:15,181 [DEBUG] findfont: score(FontEntry(fname='/usr/share/fonts/truetype/dejavu/DejaVuSansMono-Bold.ttf', name='DejaVu Sans Mono', style='normal', variant='normal', weight=700, stretch='normal', size='scalable')) = 10.335
2024-12-08 10:00:15,181 [DEBUG] findfont: score(FontEntry(fname='/usr/share/fonts/truetype/dejavu/DejaVuSerifCondensed-Italic.ttf', name='DejaVu Serif', style='italic', variant='normal', weight=400, stretch='condensed', size='scalable')) = 11.25
2024-12-08 10:00:15,181 [DEBUG] findfont: Matching sans\-serif:style=normal:variant=normal:weight=normal:stretch=normal:size=12.0 to DejaVu Sans ('/home22/server/rezaciautocad/venv/lib/python3.10/site-packages/matplotlib/mpl-data/fonts/ttf/DejaVuSans.ttf') with score of 0.050000.
2024-12-08 10:00:15,210 [DEBUG] findfont: Matching sans\-serif:style=normal:variant=normal:weight=normal:stretch=normal:size=8.0.
2024-12-08 10:00:15,210 [DEBUG] findfont: score(FontEntry(fname='/home22/server/rezaciautocad/venv/lib/python3.10/site-packages/matplotlib/mpl-data/fonts/ttf/STIXGeneralBolIta.ttf', name='STIXGeneral', style='italic', variant='normal', weight=700, stretch='normal', size='scalable')) = 11.335
2024-12-08 10:00:15,210 [DEBUG] findfont: score(FontEntry(fname='/home22/server/rezaciautocad/venv/lib/python3.10/site-packages/matplotlib/mpl-data/fonts/ttf/DejaVuSans-BoldOblique.ttf', name='DejaVu Sans', style='oblique', variant='normal', weight=700, stretch='normal', size='scalable')) = 1.335
2024-12-08 10:00:15,210 [DEBUG] findfont: score(FontEntry(fname='/home22/server/rezaciautocad/venv/lib/python3.10/site-packages/matplotlib/mpl-data/fonts/ttf/cmtt10.ttf', name='cmtt10', style='normal', variant='normal', weight=400, stretch='normal', size='scalable')) = 10.05
2024-12-08 10:00:15,210 [DEBUG] findfont: score(FontEntry(fname='/home22/server/rezaciautocad/venv/lib/python3.10/site-packages/matplotlib/mpl-data/fonts/ttf/STIXSizTwoSymReg.ttf', name='STIXSizeTwoSym', style='normal', variant='normal', weight=400, stretch='normal', size='scalable')) = 10.05
2024-12-08 10:00:15,210 [DEBUG] findfont: score(FontEntry(fname='/home22/server/rezaciautocad/venv/lib/python3.10/site-packages/matplotlib/mpl-data/fonts/ttf/cmb10.ttf', name='cmb10', style='normal', variant='normal', weight=400, stretch='normal', size='scalable')) = 10.05
2024-12-08 10:00:15,210 [DEBUG] findfont: score(FontEntry(fname='/home22/server/rezaciautocad/venv/lib/python3.10/site-packages/matplotlib/mpl-data/fonts/ttf/DejaVuSansDisplay.ttf', name='DejaVu Sans Display', style='normal', variant='normal', weight=400, stretch='normal', size='scalable')) = 10.05
2024-12-08 10:00:15,210 [DEBUG] findfont: score(FontEntry(fname='/home22/server/rezaciautocad/venv/lib/python3.10/site-packages/matplotlib/mpl-data/fonts/ttf/STIXSizThreeSymReg.ttf', name='STIXSizeThreeSym', style='normal', variant='normal', weight=400, stretch='normal', size='scalable')) = 10.05
2024-12-08 10:00:15,210 [DEBUG] findfont: score(FontEntry(fname='/home22/server/rezaciautocad/venv/lib/python3.10/site-packages/matplotlib/mpl-data/fonts/ttf/cmr10.ttf', name='cmr10', style='normal', variant='normal', weight=400, stretch='normal', size='scalable')) = 10.05
2024-12-08 10:00:15,211 [DEBUG] findfont: score(FontEntry(fname='/home22/server/rezaciautocad/venv/lib/python3.10/site-packages/matplotlib/mpl-data/fonts/ttf/DejaVuSerif-Italic.ttf', name='DejaVu Serif', style='italic', variant='normal', weight=400, stretch='normal', size='scalable')) = 11.05
2024-12-08 10:00:15,211 [DEBUG] findfont: score(FontEntry(fname='/home22/server/rezaciautocad/venv/lib/python3.10/site-packages/matplotlib/mpl-data/fonts/ttf/STIXSizOneSymReg.ttf', name='STIXSizeOneSym', style='normal', variant='normal', weight=400, stretch='normal', size='scalable')) = 10.05
2024-12-08 10:00:15,211 [DEBUG] findfont: score(FontEntry(fname='/home22/server/rezaciautocad/venv/lib/python3.10/site-packages/matplotlib/mpl-data/fonts/ttf/DejaVuSansMono-Bold.ttf', name='DejaVu Sans Mono', style='normal', variant='normal', weight=700, stretch='normal', size='scalable')) = 10.335
2024-12-08 10:00:15,211 [DEBUG] findfont: score(FontEntry(fname='/home22/server/rezaciautocad/venv/lib/python3.10/site-packages/matplotlib/mpl-data/fonts/ttf/STIXSizFiveSymReg.ttf', name='STIXSizeFiveSym', style='normal', variant='normal', weight=400, stretch='normal', size='scalable')) = 10.05
2024-12-08 10:00:15,211 [DEBUG] findfont: score(FontEntry(fname='/home22/server/rezaciautocad/venv/lib/python3.10/site-packages/matplotlib/mpl-data/fonts/ttf/DejaVuSansMono-Oblique.ttf', name='DejaVu Sans Mono', style='oblique', variant='normal', weight=400, stretch='normal', size='scalable')) = 11.05
2024-12-08 10:00:15,211 [DEBUG] findfont: score(FontEntry(fname='/home22/server/rezaciautocad/venv/lib/python3.10/site-packages/matplotlib/mpl-data/fonts/ttf/STIXSizThreeSymBol.ttf', name='STIXSizeThreeSym', style='normal', variant='normal', weight=700, stretch='normal', size='scalable')) = 10.335
2024-12-08 10:00:15,211 [DEBUG] findfont: score(FontEntry(fname='/home22/server/rezaciautocad/venv/lib/python3.10/site-packages/matplotlib/mpl-data/fonts/ttf/DejaVuSerif.ttf', name='DejaVu Serif', style='normal', variant='normal', weight=400, stretch='normal', size='scalable')) = 10.05
2024-12-08 10:00:15,211 [DEBUG] findfont: score(FontEntry(fname='/home22/server/rezaciautocad/venv/lib/python3.10/site-packages/matplotlib/mpl-data/fonts/ttf/DejaVuSansMono-BoldOblique.ttf', name='DejaVu Sans Mono', style='oblique', variant='normal', weight=700, stretch='normal', size='scalable')) = 11.335
2024-12-08 10:00:15,211 [DEBUG] findfont: score(FontEntry(fname='/home22/server/rezaciautocad/venv/lib/python3.10/site-packages/matplotlib/mpl-data/fonts/ttf/STIXNonUniBolIta.ttf', name='STIXNonUnicode', style='italic', variant='normal', weight=700, stretch='normal', size='scalable')) = 11.335
2024-12-08 10:00:15,211 [DEBUG] findfont: score(FontEntry(fname='/home22/server/rezaciautocad/venv/lib/python3.10/site-packages/matplotlib/mpl-data/fonts/ttf/DejaVuSerif-Bold.ttf', name='DejaVu Serif', style='normal', variant='normal', weight=700, stretch='normal', size='scalable')) = 10.335
2024-12-08 10:00:15,211 [DEBUG] findfont: score(FontEntry(fname='/home22/server/rezaciautocad/venv/lib/python3.10/site-packages/matplotlib/mpl-data/fonts/ttf/STIXGeneralBol.ttf', name='STIXGeneral', style='normal', variant='normal', weight=700, stretch='normal', size='scalable')) = 10.335
2024-12-08 10:00:15,211 [DEBUG] findfont: score(FontEntry(fname='/home22/server/rezaciautocad/venv/lib/python3.10/site-packages/matplotlib/mpl-data/fonts/ttf/STIXGeneralItalic.ttf', name='STIXGeneral', style='italic', variant='normal', weight=400, stretch='normal', size='scalable')) = 11.05
2024-12-08 10:00:15,211 [DEBUG] findfont: score(FontEntry(fname='/home22/server/rezaciautocad/venv/lib/python3.10/site-packages/matplotlib/mpl-data/fonts/ttf/STIXSizFourSymReg.ttf', name='STIXSizeFourSym', style='normal', variant='normal', weight=400, stretch='normal', size='scalable')) = 10.05
2024-12-08 10:00:15,212 [DEBUG] findfont: score(FontEntry(fname='/home22/server/rezaciautocad/venv/lib/python3.10/site-packages/matplotlib/mpl-data/fonts/ttf/STIXNonUniIta.ttf', name='STIXNonUnicode', style='italic', variant='normal', weight=400, stretch='normal', size='scalable')) = 11.05
2024-12-08 10:00:15,212 [DEBUG] findfont: score(FontEntry(fname='/home22/server/rezaciautocad/venv/lib/python3.10/site-packages/matplotlib/mpl-data/fonts/ttf/DejaVuSans-Bold.ttf', name='DejaVu Sans', style='normal', variant='normal', weight=700, stretch='normal', size='scalable')) = 0.33499999999999996
2024-12-08 10:00:15,212 [DEBUG] findfont: score(FontEntry(fname='/home22/server/rezaciautocad/venv/lib/python3.10/site-packages/matplotlib/mpl-data/fonts/ttf/cmex10.ttf', name='cmex10', style='normal', variant='normal', weight=400, stretch='normal', size='scalable')) = 10.05
2024-12-08 10:00:15,212 [DEBUG] findfont: score(FontEntry(fname='/home22/server/rezaciautocad/venv/lib/python3.10/site-packages/matplotlib/mpl-data/fonts/ttf/STIXSizFourSymBol.ttf', name='STIXSizeFourSym', style='normal', variant='normal', weight=700, stretch='normal', size='scalable')) = 10.335
2024-12-08 10:00:15,212 [DEBUG] findfont: score(FontEntry(fname='/home22/server/rezaciautocad/venv/lib/python3.10/site-packages/matplotlib/mpl-data/fonts/ttf/cmss10.ttf', name='cmss10', style='normal', variant='normal', weight=400, stretch='normal', size='scalable')) = 10.05
2024-12-08 10:00:15,212 [DEBUG] findfont: score(FontEntry(fname='/home22/server/rezaciautocad/venv/lib/python3.10/site-packages/matplotlib/mpl-data/fonts/ttf/cmsy10.ttf', name='cmsy10', style='normal', variant='normal', weight=400, stretch='normal', size='scalable')) = 10.05
2024-12-08 10:00:15,212 [DEBUG] findfont: score(FontEntry(fname='/home22/server/rezaciautocad/venv/lib/python3.10/site-packages/matplotlib/mpl-data/fonts/ttf/DejaVuSerifDisplay.ttf', name='DejaVu Serif Display', style='normal', variant='normal', weight=400, stretch='normal', size='scalable')) = 10.05
2024-12-08 10:00:15,212 [DEBUG] findfont: score(FontEntry(fname='/home22/server/rezaciautocad/venv/lib/python3.10/site-packages/matplotlib/mpl-data/fonts/ttf/STIXSizTwoSymBol.ttf', name='STIXSizeTwoSym', style='normal', variant='normal', weight=700, stretch='normal', size='scalable')) = 10.335
2024-12-08 10:00:15,212 [DEBUG] findfont: score(FontEntry(fname='/home22/server/rezaciautocad/venv/lib/python3.10/site-packages/matplotlib/mpl-data/fonts/ttf/STIXNonUni.ttf', name='STIXNonUnicode', style='normal', variant='normal', weight=400, stretch='normal', size='scalable')) = 10.05
2024-12-08 10:00:15,212 [DEBUG] findfont: score(FontEntry(fname='/home22/server/rezaciautocad/venv/lib/python3.10/site-packages/matplotlib/mpl-data/fonts/ttf/DejaVuSansMono.ttf', name='DejaVu Sans Mono', style='normal', variant='normal', weight=400, stretch='normal', size='scalable')) = 10.05
2024-12-08 10:00:15,212 [DEBUG] findfont: score(FontEntry(fname='/home22/server/rezaciautocad/venv/lib/python3.10/site-packages/matplotlib/mpl-data/fonts/ttf/DejaVuSerif-BoldItalic.ttf', name='DejaVu Serif', style='italic', variant='normal', weight=700, stretch='normal', size='scalable')) = 11.335
2024-12-08 10:00:15,212 [DEBUG] findfont: score(FontEntry(fname='/home22/server/rezaciautocad/venv/lib/python3.10/site-packages/matplotlib/mpl-data/fonts/ttf/STIXNonUniBol.ttf', name='STIXNonUnicode', style='normal', variant='normal', weight=700, stretch='normal', size='scalable')) = 10.335
2024-12-08 10:00:15,212 [DEBUG] findfont: score(FontEntry(fname='/home22/server/rezaciautocad/venv/lib/python3.10/site-packages/matplotlib/mpl-data/fonts/ttf/cmmi10.ttf', name='cmmi10', style='normal', variant='normal', weight=400, stretch='normal', size='scalable')) = 10.05
2024-12-08 10:00:15,213 [DEBUG] findfont: score(FontEntry(fname='/home22/server/rezaciautocad/venv/lib/python3.10/site-packages/matplotlib/mpl-data/fonts/ttf/DejaVuSans-Oblique.ttf', name='DejaVu Sans', style='oblique', variant='normal', weight=400, stretch='normal', size='scalable')) = 1.05
2024-12-08 10:00:15,213 [DEBUG] findfont: score(FontEntry(fname='/home22/server/rezaciautocad/venv/lib/python3.10/site-packages/matplotlib/mpl-data/fonts/ttf/DejaVuSans.ttf', name='DejaVu Sans', style='normal', variant='normal', weight=400, stretch='normal', size='scalable')) = 0.05
2024-12-08 10:00:15,213 [DEBUG] findfont: score(FontEntry(fname='/home22/server/rezaciautocad/venv/lib/python3.10/site-packages/matplotlib/mpl-data/fonts/ttf/STIXGeneral.ttf', name='STIXGeneral', style='normal', variant='normal', weight=400, stretch='normal', size='scalable')) = 10.05
2024-12-08 10:00:15,213 [DEBUG] findfont: score(FontEntry(fname='/home22/server/rezaciautocad/venv/lib/python3.10/site-packages/matplotlib/mpl-data/fonts/ttf/STIXSizOneSymBol.ttf', name='STIXSizeOneSym', style='normal', variant='normal', weight=700, stretch='normal', size='scalable')) = 10.335
2024-12-08 10:00:15,213 [DEBUG] findfont: score(FontEntry(fname='/usr/share/fonts/truetype/dejavu/DejaVuSans-Bold.ttf', name='DejaVu Sans', style='normal', variant='normal', weight=700, stretch='normal', size='scalable')) = 0.33499999999999996
2024-12-08 10:00:15,213 [DEBUG] findfont: score(FontEntry(fname='/usr/share/fonts/truetype/dejavu/DejaVuSerif-BoldItalic.ttf', name='DejaVu Serif', style='italic', variant='normal', weight=700, stretch='normal', size='scalable')) = 11.335
2024-12-08 10:00:15,213 [DEBUG] findfont: score(FontEntry(fname='/usr/share/fonts/truetype/quicksand/Quicksand-Medium.ttf', name='Quicksand Medium', style='normal', variant='normal', weight=500, stretch='normal', size='scalable')) = 10.145
2024-12-08 10:00:15,213 [DEBUG] findfont: score(FontEntry(fname='/usr/share/fonts/truetype/dejavu/DejaVuSerif-Italic.ttf', name='DejaVu Serif', style='italic', variant='normal', weight=400, stretch='normal', size='scalable')) = 11.05
2024-12-08 10:00:15,213 [DEBUG] findfont: score(FontEntry(fname='/usr/share/fonts/truetype/quicksand/Quicksand-Bold.ttf', name='Quicksand', style='normal', variant='normal', weight=700, stretch='normal', size='scalable')) = 10.335
2024-12-08 10:00:15,213 [DEBUG] findfont: score(FontEntry(fname='/usr/share/fonts/truetype/dejavu/DejaVuSerif.ttf', name='DejaVu Serif', style='normal', variant='normal', weight=400, stretch='normal', size='scalable')) = 10.05
2024-12-08 10:00:15,213 [DEBUG] findfont: score(FontEntry(fname='/usr/share/fonts/truetype/dejavu/DejaVuSans-Oblique.ttf', name='DejaVu Sans', style='oblique', variant='normal', weight=400, stretch='normal', size='scalable')) = 1.05
2024-12-08 10:00:15,213 [DEBUG] findfont: score(FontEntry(fname='/usr/share/fonts/truetype/dejavu/DejaVuSansCondensed-Bold.ttf', name='DejaVu Sans', style='normal', variant='normal', weight=700, stretch='condensed', size='scalable')) = 0.5349999999999999
2024-12-08 10:00:15,214 [DEBUG] findfont: score(FontEntry(fname='/usr/share/fonts/truetype/dejavu/DejaVuSans.ttf', name='DejaVu Sans', style='normal', variant='normal', weight=400, stretch='normal', size='scalable')) = 0.05
2024-12-08 10:00:15,214 [DEBUG] findfont: score(FontEntry(fname='/usr/share/fonts/truetype/dejavu/DejaVuSans-ExtraLight.ttf', name='DejaVu Sans', style='normal', variant='normal', weight=200, stretch='normal', size='scalable')) = 0.24
2024-12-08 10:00:15,214 [DEBUG] findfont: score(FontEntry(fname='/usr/share/fonts/truetype/quicksand/Quicksand-Regular.ttf', name='Quicksand', style='normal', variant='normal', weight=400, stretch='normal', size='scalable')) = 10.05
2024-12-08 10:00:15,214 [DEBUG] findfont: score(FontEntry(fname='/usr/share/fonts/truetype/dejavu/DejaVuSansCondensed.ttf', name='DejaVu Sans', style='normal', variant='normal', weight=400, stretch='condensed', size='scalable')) = 0.25
2024-12-08 10:00:15,214 [DEBUG] findfont: score(FontEntry(fname='/usr/share/fonts/truetype/dejavu/DejaVuSerif-Bold.ttf', name='DejaVu Serif', style='normal', variant='normal', weight=700, stretch='normal', size='scalable')) = 10.335
2024-12-08 10:00:15,214 [DEBUG] findfont: score(FontEntry(fname='/usr/share/fonts/truetype/dejavu/DejaVuSansCondensed-BoldOblique.ttf', name='DejaVu Sans', style='oblique', variant='normal', weight=700, stretch='condensed', size='scalable')) = 1.535
2024-12-08 10:00:15,214 [DEBUG] findfont: score(FontEntry(fname='/usr/share/fonts/truetype/dejavu/DejaVuSerifCondensed.ttf', name='DejaVu Serif', style='normal', variant='normal', weight=400, stretch='condensed', size='scalable')) = 10.25
2024-12-08 10:00:15,214 [DEBUG] findfont: score(FontEntry(fname='/usr/share/fonts/truetype/dejavu/DejaVuSansCondensed-Oblique.ttf', name='DejaVu Sans', style='oblique', variant='normal', weight=400, stretch='condensed', size='scalable')) = 1.25
2024-12-08 10:00:15,214 [DEBUG] findfont: score(FontEntry(fname='/usr/share/fonts/truetype/dejavu/DejaVuSerifCondensed-Bold.ttf', name='DejaVu Serif', style='normal', variant='normal', weight=700, stretch='condensed', size='scalable')) = 10.535
2024-12-08 10:00:15,214 [DEBUG] findfont: score(FontEntry(fname='/usr/share/fonts/truetype/quicksand/Quicksand-Light.ttf', name='Quicksand Light', style='normal', variant='normal', weight=300, stretch='normal', size='scalable')) = 10.145
2024-12-08 10:00:15,214 [DEBUG] findfont: score(FontEntry(fname='/usr/share/fonts/truetype/dejavu/DejaVuMathTeXGyre.ttf', name='DejaVu Math TeX Gyre', style='normal', variant='normal', weight=400, stretch='normal', size='scalable')) = 10.05
2024-12-08 10:00:15,214 [DEBUG] findfont: score(FontEntry(fname='/usr/share/fonts/truetype/dejavu/DejaVuSansMono-Oblique.ttf', name='DejaVu Sans Mono', style='oblique', variant='normal', weight=400, stretch='normal', size='scalable')) = 11.05
2024-12-08 10:00:15,214 [DEBUG] findfont: score(FontEntry(fname='/usr/share/fonts/truetype/dejavu/DejaVuSansMono-BoldOblique.ttf', name='DejaVu Sans Mono', style='oblique', variant='normal', weight=700, stretch='normal', size='scalable')) = 11.335
2024-12-08 10:00:15,214 [DEBUG] findfont: score(FontEntry(fname='/usr/share/fonts/truetype/dejavu/DejaVuSansMono.ttf', name='DejaVu Sans Mono', style='normal', variant='normal', weight=400, stretch='normal', size='scalable')) = 10.05
2024-12-08 10:00:15,215 [DEBUG] findfont: score(FontEntry(fname='/usr/share/fonts/truetype/dejavu/DejaVuSans-BoldOblique.ttf', name='DejaVu Sans', style='oblique', variant='normal', weight=700, stretch='normal', size='scalable')) = 1.335
2024-12-08 10:00:15,215 [DEBUG] findfont: score(FontEntry(fname='/usr/share/fonts/truetype/dejavu/DejaVuSerifCondensed-BoldItalic.ttf', name='DejaVu Serif', style='italic', variant='normal', weight=700, stretch='condensed', size='scalable')) = 11.535
2024-12-08 10:00:15,215 [DEBUG] findfont: score(FontEntry(fname='/usr/share/fonts/truetype/dejavu/DejaVuSansMono-Bold.ttf', name='DejaVu Sans Mono', style='normal', variant='normal', weight=700, stretch='normal', size='scalable')) = 10.335
2024-12-08 10:00:15,215 [DEBUG] findfont: score(FontEntry(fname='/usr/share/fonts/truetype/dejavu/DejaVuSerifCondensed-Italic.ttf', name='DejaVu Serif', style='italic', variant='normal', weight=400, stretch='condensed', size='scalable')) = 11.25
2024-12-08 10:00:15,215 [DEBUG] findfont: Matching sans\-serif:style=normal:variant=normal:weight=normal:stretch=normal:size=8.0 to DejaVu Sans ('/home22/server/rezaciautocad/venv/lib/python3.10/site-packages/matplotlib/mpl-data/fonts/ttf/DejaVuSans.ttf') with score of 0.050000.
2024-12-08 10:00:16,750 [DEBUG] https://api.telegram.org:443 "POST /bot8177519675:AAE1xLZEyODePjcYC2RlaG7xf2QUCa2aSiE/sendPhoto?chat_id=1175143262&caption=%F0%9F%93%8B+Tabula+%231%0A%F0%9F%93%8F+Plocha+skiel%3A+0.50+m%C2%B2%0A%F0%9F%97%91%EF%B8%8F+Odpad%3A+6.72+m%C2%B2%0A%F0%9F%93%8A+Vyu%C5%BEitie%3A+6.9%25 HTTP/11" 200 1300
2024-12-08 10:00:16,811 [DEBUG] https://api.telegram.org:443 "POST /bot8177519675:AAE1xLZEyODePjcYC2RlaG7xf2QUCa2aSiE/sendMessage?chat_id=1175143262&text=%F0%9F%93%8A+Celkov%C3%BD+s%C3%BAhrn%3A%0A%F0%9F%93%A6+Po%C4%8Det+tab%C3%BA%C4%BE%3A+1%0A%F0%9F%93%8F+Celkov%C3%A1+plocha+skiel%3A+0.50+m%C2%B2%0A%F0%9F%97%91%EF%B8%8F+Priemern%C3%BD+odpad%3A+93.1%25%0A%0AChcete+pokra%C4%8Dova%C5%A5+s+v%C3%BDpo%C4%8Dtom+ceny%3F&reply_markup=%7B%22keyboard%22%3A+%5B%5B%7B%22text%22%3A+%22%5Cu00c1no%22%7D%2C+%7B%22text%22%3A+%22Nie%22%7D%5D%5D%2C+%22resize_keyboard%22%3A+true%7D&reply_parameters=%7B%22message_id%22%3A+5%7D HTTP/11" 200 813
2024-12-08 10:00:19,302 [DEBUG] https://api.telegram.org:443 "GET /bot8177519675:AAE1xLZEyODePjcYC2RlaG7xf2QUCa2aSiE/getUpdates?offset=508533380&timeout=5 HTTP/11" 200 23
2024-12-08 10:00:24,315 [DEBUG] https://api.telegram.org:443 "GET /bot8177519675:AAE1xLZEyODePjcYC2RlaG7xf2QUCa2aSiE/getUpdates?offset=508533380&timeout=5 HTTP/11" 200 23
2024-12-08 10:00:26,272 [DEBUG] https://api.telegram.org:443 "GET /bot8177519675:AAE1xLZEyODePjcYC2RlaG7xf2QUCa2aSiE/getUpdates?offset=508533380&timeout=5 HTTP/11" 200 325
2024-12-08 10:00:26,272 [INFO] Spracovávam odpoveď Áno od užívateľa 1175143262
2024-12-08 10:00:26,309 [DEBUG] https://api.telegram.org:443 "POST /bot8177519675:AAE1xLZEyODePjcYC2RlaG7xf2QUCa2aSiE/sendMessage?chat_id=1175143262&text=%E2%9D%8C+V+datab%C3%A1ze+nie+s%C3%BA+%C5%BEiadne+kateg%C3%B3rie+skla.&reply_parameters=%7B%22message_id%22%3A+9%7D HTTP/11" 200 626
2024-12-08 10:00:31,283 [DEBUG] https://api.telegram.org:443 "GET /bot8177519675:AAE1xLZEyODePjcYC2RlaG7xf2QUCa2aSiE/getUpdates?offset=508533381&timeout=5 HTTP/11" 200 23
2024-12-08 10:00:36,295 [DEBUG] https://api.telegram.org:443 "GET /bot8177519675:AAE1xLZEyODePjcYC2RlaG7xf2QUCa2aSiE/getUpdates?offset=508533381&timeout=5 HTTP/11" 200 23
2024-12-08 10:00:41,308 [DEBUG] https://api.telegram.org:443 "GET /bot8177519675:AAE1xLZEyODePjcYC2RlaG7xf2QUCa2aSiE/getUpdates?offset=508533381&timeout=5 HTTP/11" 200 23
2024-12-08 10:00:46,319 [DEBUG] https://api.telegram.org:443 "GET /bot8177519675:AAE1xLZEyODePjcYC2RlaG7xf2QUCa2aSiE/getUpdates?offset=508533381&timeout=5 HTTP/11" 200 23
2024-12-08 10:00:51,333 [DEBUG] https://api.telegram.org:443 "GET /bot8177519675:AAE1xLZEyODePjcYC2RlaG7xf2QUCa2aSiE/getUpdates?offset=508533381&timeout=5 HTTP/11" 200 23
2024-12-08 10:00:56,343 [DEBUG] https://api.telegram.org:443 "GET /bot8177519675:AAE1xLZEyODePjcYC2RlaG7xf2QUCa2aSiE/getUpdates?offset=508533381&timeout=5 HTTP/11" 200 23
2024-12-08 10:01:01,374 [DEBUG] https://api.telegram.org:443 "GET /bot8177519675:AAE1xLZEyODePjcYC2RlaG7xf2QUCa2aSiE/getUpdates?offset=508533381&timeout=5 HTTP/11" 200 23
2024-12-08 10:01:06,386 [DEBUG] https://api.telegram.org:443 "GET /bot8177519675:AAE1xLZEyODePjcYC2RlaG7xf2QUCa2aSiE/getUpdates?offset=508533381&timeout=5 HTTP/11" 200 23
2024-12-08 10:01:11,399 [DEBUG] https://api.telegram.org:443 "GET /bot8177519675:AAE1xLZEyODePjcYC2RlaG7xf2QUCa2aSiE/getUpdates?offset=508533381&timeout=5 HTTP/11" 200 23
2024-12-08 10:01:16,409 [DEBUG] https://api.telegram.org:443 "GET /bot8177519675:AAE1xLZEyODePjcYC2RlaG7xf2QUCa2aSiE/getUpdates?offset=508533381&timeout=5 HTTP/11" 200 23
2024-12-08 10:01:21,420 [DEBUG] https://api.telegram.org:443 "GET /bot8177519675:AAE1xLZEyODePjcYC2RlaG7xf2QUCa2aSiE/getUpdates?offset=508533381&timeout=5 HTTP/11" 200 23
2024-12-08 10:01:26,434 [DEBUG] https://api.telegram.org:443 "GET /bot8177519675:AAE1xLZEyODePjcYC2RlaG7xf2QUCa2aSiE/getUpdates?offset=508533381&timeout=5 HTTP/11" 200 23
2024-12-08 10:01:31,444 [DEBUG] https://api.telegram.org:443 "GET /bot8177519675:AAE1xLZEyODePjcYC2RlaG7xf2QUCa2aSiE/getUpdates?offset=508533381&timeout=5 HTTP/11" 200 23
2024-12-08 10:01:36,456 [DEBUG] https://api.telegram.org:443 "GET /bot8177519675:AAE1xLZEyODePjcYC2RlaG7xf2QUCa2aSiE/getUpdates?offset=508533381&timeout=5 HTTP/11" 200 23
2024-12-08 10:01:41,467 [DEBUG] https://api.telegram.org:443 "GET /bot8177519675:AAE1xLZEyODePjcYC2RlaG7xf2QUCa2aSiE/getUpdates?offset=508533381&timeout=5 HTTP/11" 200 23
2024-12-08 10:01:46,478 [DEBUG] https://api.telegram.org:443 "GET /bot8177519675:AAE1xLZEyODePjcYC2RlaG7xf2QUCa2aSiE/getUpdates?offset=508533381&timeout=5 HTTP/11" 200 23
2024-12-08 10:01:51,490 [DEBUG] https://api.telegram.org:443 "GET /bot8177519675:AAE1xLZEyODePjcYC2RlaG7xf2QUCa2aSiE/getUpdates?offset=508533381&timeout=5 HTTP/11" 200 23
2024-12-08 10:01:56,501 [DEBUG] https://api.telegram.org:443 "GET /bot8177519675:AAE1xLZEyODePjcYC2RlaG7xf2QUCa2aSiE/getUpdates?offset=508533381&timeout=5 HTTP/11" 200 23
2024-12-08 10:02:01,512 [DEBUG] https://api.telegram.org:443 "GET /bot8177519675:AAE1xLZEyODePjcYC2RlaG7xf2QUCa2aSiE/getUpdates?offset=508533381&timeout=5 HTTP/11" 200 23
2024-12-08 10:02:06,525 [DEBUG] https://api.telegram.org:443 "GET /bot8177519675:AAE1xLZEyODePjcYC2RlaG7xf2QUCa2aSiE/getUpdates?offset=508533381&timeout=5 HTTP/11" 200 23
2024-12-08 10:02:11,535 [DEBUG] https://api.telegram.org:443 "GET /bot8177519675:AAE1xLZEyODePjcYC2RlaG7xf2QUCa2aSiE/getUpdates?offset=508533381&timeout=5 HTTP/11" 200 23
2024-12-08 10:02:16,545 [DEBUG] https://api.telegram.org:443 "GET /bot8177519675:AAE1xLZEyODePjcYC2RlaG7xf2QUCa2aSiE/getUpdates?offset=508533381&timeout=5 HTTP/11" 200 23
2024-12-08 10:02:21,555 [DEBUG] https://api.telegram.org:443 "GET /bot8177519675:AAE1xLZEyODePjcYC2RlaG7xf2QUCa2aSiE/getUpdates?offset=508533381&timeout=5 HTTP/11" 200 23
2024-12-08 10:02:26,567 [DEBUG] https://api.telegram.org:443 "GET /bot8177519675:AAE1xLZEyODePjcYC2RlaG7xf2QUCa2aSiE/getUpdates?offset=508533381&timeout=5 HTTP/11" 200 23
2024-12-08 10:02:31,584 [DEBUG] https://api.telegram.org:443 "GET /bot8177519675:AAE1xLZEyODePjcYC2RlaG7xf2QUCa2aSiE/getUpdates?offset=508533381&timeout=5 HTTP/11" 200 23
2024-12-08 10:02:36,595 [DEBUG] https://api.telegram.org:443 "GET /bot8177519675:AAE1xLZEyODePjcYC2RlaG7xf2QUCa2aSiE/getUpdates?offset=508533381&timeout=5 HTTP/11" 200 23
2024-12-08 10:02:41,607 [DEBUG] https://api.telegram.org:443 "GET /bot8177519675:AAE1xLZEyODePjcYC2RlaG7xf2QUCa2aSiE/getUpdates?offset=508533381&timeout=5 HTTP/11" 200 23
2024-12-08 10:02:46,618 [DEBUG] https://api.telegram.org:443 "GET /bot8177519675:AAE1xLZEyODePjcYC2RlaG7xf2QUCa2aSiE/getUpdates?offset=508533381&timeout=5 HTTP/11" 200 23
2024-12-08 10:02:51,628 [DEBUG] https://api.telegram.org:443 "GET /bot8177519675:AAE1xLZEyODePjcYC2RlaG7xf2QUCa2aSiE/getUpdates?offset=508533381&timeout=5 HTTP/11" 200 23
2024-12-08 10:02:56,639 [DEBUG] https://api.telegram.org:443 "GET /bot8177519675:AAE1xLZEyODePjcYC2RlaG7xf2QUCa2aSiE/getUpdates?offset=508533381&timeout=5 HTTP/11" 200 23
2024-12-08 10:03:01,651 [DEBUG] https://api.telegram.org:443 "GET /bot8177519675:AAE1xLZEyODePjcYC2RlaG7xf2QUCa2aSiE/getUpdates?offset=508533381&timeout=5 HTTP/11" 200 23
2024-12-08 10:03:06,665 [DEBUG] https://api.telegram.org:443 "GET /bot8177519675:AAE1xLZEyODePjcYC2RlaG7xf2QUCa2aSiE/getUpdates?offset=508533381&timeout=5 HTTP/11" 200 23
2024-12-08 10:03:11,676 [DEBUG] https://api.telegram.org:443 "GET /bot8177519675:AAE1xLZEyODePjcYC2RlaG7xf2QUCa2aSiE/getUpdates?offset=508533381&timeout=5 HTTP/11" 200 23
2024-12-08 10:03:16,686 [DEBUG] https://api.telegram.org:443 "GET /bot8177519675:AAE1xLZEyODePjcYC2RlaG7xf2QUCa2aSiE/getUpdates?offset=508533381&timeout=5 HTTP/11" 200 23
2024-12-08 10:03:21,707 [DEBUG] https://api.telegram.org:443 "GET /bot8177519675:AAE1xLZEyODePjcYC2RlaG7xf2QUCa2aSiE/getUpdates?offset=508533381&timeout=5 HTTP/11" 200 23
2024-12-08 10:03:26,717 [DEBUG] https://api.telegram.org:443 "GET /bot8177519675:AAE1xLZEyODePjcYC2RlaG7xf2QUCa2aSiE/getUpdates?offset=508533381&timeout=5 HTTP/11" 200 23
2024-12-08 10:03:31,730 [DEBUG] https://api.telegram.org:443 "GET /bot8177519675:AAE1xLZEyODePjcYC2RlaG7xf2QUCa2aSiE/getUpdates?offset=508533381&timeout=5 HTTP/11" 200 23
2024-12-08 10:03:36,748 [DEBUG] https://api.telegram.org:443 "GET /bot8177519675:AAE1xLZEyODePjcYC2RlaG7xf2QUCa2aSiE/getUpdates?offset=508533381&timeout=5 HTTP/11" 200 23
2024-12-08 10:03:41,762 [DEBUG] https://api.telegram.org:443 "GET /bot8177519675:AAE1xLZEyODePjcYC2RlaG7xf2QUCa2aSiE/getUpdates?offset=508533381&timeout=5 HTTP/11" 200 23
2024-12-08 10:03:46,772 [DEBUG] https://api.telegram.org:443 "GET /bot8177519675:AAE1xLZEyODePjcYC2RlaG7xf2QUCa2aSiE/getUpdates?offset=508533381&timeout=5 HTTP/11" 200 23
2024-12-08 10:03:51,783 [DEBUG] https://api.telegram.org:443 "GET /bot8177519675:AAE1xLZEyODePjcYC2RlaG7xf2QUCa2aSiE/getUpdates?offset=508533381&timeout=5 HTTP/11" 200 23
2024-12-08 10:03:56,795 [DEBUG] https://api.telegram.org:443 "GET /bot8177519675:AAE1xLZEyODePjcYC2RlaG7xf2QUCa2aSiE/getUpdates?offset=508533381&timeout=5 HTTP/11" 200 23
2024-12-08 10:04:01,814 [DEBUG] https://api.telegram.org:443 "GET /bot8177519675:AAE1xLZEyODePjcYC2RlaG7xf2QUCa2aSiE/getUpdates?offset=508533381&timeout=5 HTTP/11" 200 23
2024-12-08 10:04:06,839 [DEBUG] https://api.telegram.org:443 "GET /bot8177519675:AAE1xLZEyODePjcYC2RlaG7xf2QUCa2aSiE/getUpdates?offset=508533381&timeout=5 HTTP/11" 200 23
2024-12-08 10:04:11,853 [DEBUG] https://api.telegram.org:443 "GET /bot8177519675:AAE1xLZEyODePjcYC2RlaG7xf2QUCa2aSiE/getUpdates?offset=508533381&timeout=5 HTTP/11" 200 23
2024-12-08 10:04:16,874 [DEBUG] https://api.telegram.org:443 "GET /bot8177519675:AAE1xLZEyODePjcYC2RlaG7xf2QUCa2aSiE/getUpdates?offset=508533381&timeout=5 HTTP/11" 200 23
2024-12-08 10:04:21,884 [DEBUG] https://api.telegram.org:443 "GET /bot8177519675:AAE1xLZEyODePjcYC2RlaG7xf2QUCa2aSiE/getUpdates?offset=508533381&timeout=5 HTTP/11" 200 23
2024-12-08 10:04:26,898 [DEBUG] https://api.telegram.org:443 "GET /bot8177519675:AAE1xLZEyODePjcYC2RlaG7xf2QUCa2aSiE/getUpdates?offset=508533381&timeout=5 HTTP/11" 200 23
2024-12-08 10:04:31,912 [DEBUG] https://api.telegram.org:443 "GET /bot8177519675:AAE1xLZEyODePjcYC2RlaG7xf2QUCa2aSiE/getUpdates?offset=508533381&timeout=5 HTTP/11" 200 23
2024-12-08 10:04:34,508 [DEBUG] https://api.telegram.org:443 "GET /bot8177519675:AAE1xLZEyODePjcYC2RlaG7xf2QUCa2aSiE/getUpdates?offset=508533381&timeout=5 HTTP/11" 200 382
2024-12-08 10:04:34,553 [DEBUG] https://api.telegram.org:443 "POST /bot8177519675:AAE1xLZEyODePjcYC2RlaG7xf2QUCa2aSiE/sendMessage?chat_id=1175143262&text=Vitajte+v+optimaliz%C3%A1tore+rezania+a+kalkul%EF%BF%BD%EF%BF%BDtore+cien+skla%21%0A%0ADostupn%C3%A9+pr%C3%ADkazy%3A%0A%2Fstart+-+Spust%C3%AD+nov%C3%BD+v%C3%BDpo%C4%8Det%0A%2Fhelp+-+Zobraz%C3%AD+n%C3%A1vod+na+pou%C5%BEitie%0A%2Fhistory+-+Zobraz%C3%AD+hist%C3%B3riu+kalkul%C3%A1ci%0A%2Fclear_history+-+Vyma%C5%BEe+hist%C3%B3riu+kalkul%C3%A1ci%C3%AD%0A%0ANajprv+si+pros%C3%ADm+vyberte+rozmer+tabule%3A&reply_markup=%7B%22keyboard%22%3A+%5B%5B%7B%22text%22%3A+%22321+x+225+cm%22%7D%5D%2C+%5B%7B%22text%22%3A+%22160.5+x+255+cm%22%7D%5D%5D%2C+%22resize_keyboard%22%3A+true%7D&reply_parameters=%7B%22message_id%22%3A+11%7D HTTP/11" 200 1188
2024-12-08 10:04:35,661 [DEBUG] https://api.telegram.org:443 "GET /bot8177519675:AAE1xLZEyODePjcYC2RlaG7xf2QUCa2aSiE/getUpdates?offset=508533382&timeout=5 HTTP/11" 200 330
2024-12-08 10:04:35,662 [INFO] Inicializovaný CuttingOptimizer s rozmermi 321x225
2024-12-08 10:04:35,700 [DEBUG] https://api.telegram.org:443 "POST /bot8177519675:AAE1xLZEyODePjcYC2RlaG7xf2QUCa2aSiE/sendMessage?chat_id=1175143262&text=%E2%9C%85+Vybrali+ste+rozmer%3A+321x225+cm%0A%0ATeraz+zadajte+rozmery+skiel+v+jednom+z+form%C3%A1tov%3A%0A1%EF%B8%8F%E2%83%A3+Jeden+rozmer%3A+100x50+alebo+83.5x92.2%0A2%EF%B8%8F%E2%83%A3+Viac+rozmerov+naraz%3A+100x50-200x30-80.5x90.2%0A&reply_parameters=%7B%22message_id%22%3A+13%7D HTTP/11" 200 770
2024-12-08 10:04:40,673 [DEBUG] https://api.telegram.org:443 "GET /bot8177519675:AAE1xLZEyODePjcYC2RlaG7xf2QUCa2aSiE/getUpdates?offset=508533383&timeout=5 HTTP/11" 200 23
2024-12-08 10:04:43,027 [DEBUG] https://api.telegram.org:443 "GET /bot8177519675:AAE1xLZEyODePjcYC2RlaG7xf2QUCa2aSiE/getUpdates?offset=508533383&timeout=5 HTTP/11" 200 341
2024-12-08 10:04:43,067 [DEBUG] https://api.telegram.org:443 "POST /bot8177519675:AAE1xLZEyODePjcYC2RlaG7xf2QUCa2aSiE/sendMessage?chat_id=1175143262&text=%F0%9F%94%84+Prebieha+v%C3%BDpo%C4%8Det+optim%C3%A1lneho+rozlo%C5%BEenia...&reply_parameters=%7B%22message_id%22%3A+15%7D HTTP/11" 200 650
2024-12-08 10:04:43,068 [INFO] Optimalizujem tabuľu #1 s 3 panelmi
2024-12-08 10:04:43,068 [INFO] Začiatok optimalizácie pre 3 panelov
2024-12-08 10:04:43,857 [DEBUG] https://api.telegram.org:443 "POST /bot8177519675:AAE1xLZEyODePjcYC2RlaG7xf2QUCa2aSiE/sendPhoto?chat_id=1175143262&caption=%F0%9F%93%8B+Tabula+%231%0A%F0%9F%93%8F+Plocha+skiel%3A+1.83+m%C2%B2%0A%F0%9F%97%91%EF%B8%8F+Odpad%3A+5.40+m%C2%B2%0A%F0%9F%93%8A+Vyu%C5%BEitie%3A+25.3%25 HTTP/11" 200 1303
2024-12-08 10:04:43,900 [DEBUG] https://api.telegram.org:443 "POST /bot8177519675:AAE1xLZEyODePjcYC2RlaG7xf2QUCa2aSiE/sendMessage?chat_id=1175143262&text=%F0%9F%93%8A+Celkov%C3%BD+s%C3%BAhrn%3A%0A%F0%9F%93%A6+Po%C4%8Det+tab%C3%BA%C4%BE%3A+1%0A%F0%9F%93%8F+Celkov%C3%A1+plocha+skiel%3A+1.83+m%C2%B2%0A%F0%9F%97%91%EF%B8%8F+Priemern%C3%BD+odpad%3A+74.7%25%0A%0AChcete+pokra%C4%8Dova%C5%A5+s+v%C3%BDpo%C4%8Dtom+ceny%3F&reply_markup=%7B%22keyboard%22%3A+%5B%5B%7B%22text%22%3A+%22%5Cu00c1no%22%7D%2C+%7B%22text%22%3A+%22Nie%22%7D%5D%5D%2C+%22resize_keyboard%22%3A+true%7D&reply_parameters=%7B%22message_id%22%3A+15%7D HTTP/11" 200 816
2024-12-08 10:04:45,121 [DEBUG] https://api.telegram.org:443 "GET /bot8177519675:AAE1xLZEyODePjcYC2RlaG7xf2QUCa2aSiE/getUpdates?offset=508533384&timeout=5 HTTP/11" 200 326
2024-12-08 10:04:45,122 [INFO] Spracovávam odpoveď Áno od užívateľa 1175143262
2024-12-08 10:04:45,159 [DEBUG] https://api.telegram.org:443 "POST /bot8177519675:AAE1xLZEyODePjcYC2RlaG7xf2QUCa2aSiE/sendMessage?chat_id=1175143262&text=%E2%9D%8C+V+datab%C3%A1ze+nie+s%C3%BA+%C5%BEiadne+kateg%C3%B3rie+skla.&reply_parameters=%7B%22message_id%22%3A+19%7D HTTP/11" 200 627
2024-12-08 10:04:50,136 [DEBUG] https://api.telegram.org:443 "GET /bot8177519675:AAE1xLZEyODePjcYC2RlaG7xf2QUCa2aSiE/getUpdates?offset=508533385&timeout=5 HTTP/11" 200 23
2024-12-08 10:04:55,146 [DEBUG] https://api.telegram.org:443 "GET /bot8177519675:AAE1xLZEyODePjcYC2RlaG7xf2QUCa2aSiE/getUpdates?offset=508533385&timeout=5 HTTP/11" 200 23
2024-12-08 10:05:00,157 [DEBUG] https://api.telegram.org:443 "GET /bot8177519675:AAE1xLZEyODePjcYC2RlaG7xf2QUCa2aSiE/getUpdates?offset=508533385&timeout=5 HTTP/11" 200 23
2024-12-08 10:05:05,176 [DEBUG] https://api.telegram.org:443 "GET /bot8177519675:AAE1xLZEyODePjcYC2RlaG7xf2QUCa2aSiE/getUpdates?offset=508533385&timeout=5 HTTP/11" 200 23
2024-12-08 10:05:10,222 [DEBUG] https://api.telegram.org:443 "GET /bot8177519675:AAE1xLZEyODePjcYC2RlaG7xf2QUCa2aSiE/getUpdates?offset=508533385&timeout=5 HTTP/11" 200 23
2024-12-08 10:05:15,241 [DEBUG] https://api.telegram.org:443 "GET /bot8177519675:AAE1xLZEyODePjcYC2RlaG7xf2QUCa2aSiE/getUpdates?offset=508533385&timeout=5 HTTP/11" 200 23
2024-12-08 10:05:20,253 [DEBUG] https://api.telegram.org:443 "GET /bot8177519675:AAE1xLZEyODePjcYC2RlaG7xf2QUCa2aSiE/getUpdates?offset=508533385&timeout=5 HTTP/11" 200 23
2024-12-08 10:05:25,282 [DEBUG] https://api.telegram.org:443 "GET /bot8177519675:AAE1xLZEyODePjcYC2RlaG7xf2QUCa2aSiE/getUpdates?offset=508533385&timeout=5 HTTP/11" 200 23
2024-12-08 10:05:30,297 [DEBUG] https://api.telegram.org:443 "GET /bot8177519675:AAE1xLZEyODePjcYC2RlaG7xf2QUCa2aSiE/getUpdates?offset=508533385&timeout=5 HTTP/11" 200 23
2024-12-08 10:05:35,309 [DEBUG] https://api.telegram.org:443 "GET /bot8177519675:AAE1xLZEyODePjcYC2RlaG7xf2QUCa2aSiE/getUpdates?offset=508533385&timeout=5 HTTP/11" 200 23
2024-12-08 10:05:40,333 [DEBUG] https://api.telegram.org:443 "GET /bot8177519675:AAE1xLZEyODePjcYC2RlaG7xf2QUCa2aSiE/getUpdates?offset=508533385&timeout=5 HTTP/11" 200 23
2024-12-08 10:05:45,343 [DEBUG] https://api.telegram.org:443 "GET /bot8177519675:AAE1xLZEyODePjcYC2RlaG7xf2QUCa2aSiE/getUpdates?offset=508533385&timeout=5 HTTP/11" 200 23
2024-12-08 10:05:50,355 [DEBUG] https://api.telegram.org:443 "GET /bot8177519675:AAE1xLZEyODePjcYC2RlaG7xf2QUCa2aSiE/getUpdates?offset=508533385&timeout=5 HTTP/11" 200 23
2024-12-08 10:05:55,365 [DEBUG] https://api.telegram.org:443 "GET /bot8177519675:AAE1xLZEyODePjcYC2RlaG7xf2QUCa2aSiE/getUpdates?offset=508533385&timeout=5 HTTP/11" 200 23
2024-12-08 10:06:00,375 [DEBUG] https://api.telegram.org:443 "GET /bot8177519675:AAE1xLZEyODePjcYC2RlaG7xf2QUCa2aSiE/getUpdates?offset=508533385&timeout=5 HTTP/11" 200 23
2024-12-08 10:06:05,384 [DEBUG] https://api.telegram.org:443 "GET /bot8177519675:AAE1xLZEyODePjcYC2RlaG7xf2QUCa2aSiE/getUpdates?offset=508533385&timeout=5 HTTP/11" 200 23
2024-12-08 10:06:10,397 [DEBUG] https://api.telegram.org:443 "GET /bot8177519675:AAE1xLZEyODePjcYC2RlaG7xf2QUCa2aSiE/getUpdates?offset=508533385&timeout=5 HTTP/11" 200 23
2024-12-08 10:06:15,408 [DEBUG] https://api.telegram.org:443 "GET /bot8177519675:AAE1xLZEyODePjcYC2RlaG7xf2QUCa2aSiE/getUpdates?offset=508533385&timeout=5 HTTP/11" 200 23
2024-12-08 10:06:20,420 [DEBUG] https://api.telegram.org:443 "GET /bot8177519675:AAE1xLZEyODePjcYC2RlaG7xf2QUCa2aSiE/getUpdates?offset=508533385&timeout=5 HTTP/11" 200 23
2024-12-08 10:06:25,429 [DEBUG] https://api.telegram.org:443 "GET /bot8177519675:AAE1xLZEyODePjcYC2RlaG7xf2QUCa2aSiE/getUpdates?offset=508533385&timeout=5 HTTP/11" 200 23
2024-12-08 10:06:30,440 [DEBUG] https://api.telegram.org:443 "GET /bot8177519675:AAE1xLZEyODePjcYC2RlaG7xf2QUCa2aSiE/getUpdates?offset=508533385&timeout=5 HTTP/11" 200 23
2024-12-08 10:06:35,450 [DEBUG] https://api.telegram.org:443 "GET /bot8177519675:AAE1xLZEyODePjcYC2RlaG7xf2QUCa2aSiE/getUpdates?offset=508533385&timeout=5 HTTP/11" 200 23
2024-12-08 10:06:40,463 [DEBUG] https://api.telegram.org:443 "GET /bot8177519675:AAE1xLZEyODePjcYC2RlaG7xf2QUCa2aSiE/getUpdates?offset=508533385&timeout=5 HTTP/11" 200 23
2024-12-08 10:06:45,473 [DEBUG] https://api.telegram.org:443 "GET /bot8177519675:AAE1xLZEyODePjcYC2RlaG7xf2QUCa2aSiE/getUpdates?offset=508533385&timeout=5 HTTP/11" 200 23
2024-12-08 10:06:50,482 [DEBUG] https://api.telegram.org:443 "GET /bot8177519675:AAE1xLZEyODePjcYC2RlaG7xf2QUCa2aSiE/getUpdates?offset=508533385&timeout=5 HTTP/11" 200 23
2024-12-08 10:06:55,492 [DEBUG] https://api.telegram.org:443 "GET /bot8177519675:AAE1xLZEyODePjcYC2RlaG7xf2QUCa2aSiE/getUpdates?offset=508533385&timeout=5 HTTP/11" 200 23
2024-12-08 10:07:00,504 [DEBUG] https://api.telegram.org:443 "GET /bot8177519675:AAE1xLZEyODePjcYC2RlaG7xf2QUCa2aSiE/getUpdates?offset=508533385&timeout=5 HTTP/11" 200 23
2024-12-08 10:07:05,514 [DEBUG] https://api.telegram.org:443 "GET /bot8177519675:AAE1xLZEyODePjcYC2RlaG7xf2QUCa2aSiE/getUpdates?offset=508533385&timeout=5 HTTP/11" 200 23
2024-12-08 10:07:10,532 [DEBUG] https://api.telegram.org:443 "GET /bot8177519675:AAE1xLZEyODePjcYC2RlaG7xf2QUCa2aSiE/getUpdates?offset=508533385&timeout=5 HTTP/11" 200 23
2024-12-08 10:07:15,544 [DEBUG] https://api.telegram.org:443 "GET /bot8177519675:AAE1xLZEyODePjcYC2RlaG7xf2QUCa2aSiE/getUpdates?offset=508533385&timeout=5 HTTP/11" 200 23
2024-12-08 10:07:20,554 [DEBUG] https://api.telegram.org:443 "GET /bot8177519675:AAE1xLZEyODePjcYC2RlaG7xf2QUCa2aSiE/getUpdates?offset=508533385&timeout=5 HTTP/11" 200 23
2024-12-08 10:07:25,563 [DEBUG] https://api.telegram.org:443 "GET /bot8177519675:AAE1xLZEyODePjcYC2RlaG7xf2QUCa2aSiE/getUpdates?offset=508533385&timeout=5 HTTP/11" 200 23
2024-12-08 10:07:30,578 [DEBUG] https://api.telegram.org:443 "GET /bot8177519675:AAE1xLZEyODePjcYC2RlaG7xf2QUCa2aSiE/getUpdates?offset=508533385&timeout=5 HTTP/11" 200 23
2024-12-08 10:07:35,589 [DEBUG] https://api.telegram.org:443 "GET /bot8177519675:AAE1xLZEyODePjcYC2RlaG7xf2QUCa2aSiE/getUpdates?offset=508533385&timeout=5 HTTP/11" 200 23
2024-12-08 10:07:40,601 [DEBUG] https://api.telegram.org:443 "GET /bot8177519675:AAE1xLZEyODePjcYC2RlaG7xf2QUCa2aSiE/getUpdates?offset=508533385&timeout=5 HTTP/11" 200 23
2024-12-08 10:07:45,641 [DEBUG] https://api.telegram.org:443 "GET /bot8177519675:AAE1xLZEyODePjcYC2RlaG7xf2QUCa2aSiE/getUpdates?offset=508533385&timeout=5 HTTP/11" 200 23
2024-12-08 10:07:50,692 [DEBUG] https://api.telegram.org:443 "GET /bot8177519675:AAE1xLZEyODePjcYC2RlaG7xf2QUCa2aSiE/getUpdates?offset=508533385&timeout=5 HTTP/11" 200 23
2024-12-08 10:07:55,702 [DEBUG] https://api.telegram.org:443 "GET /bot8177519675:AAE1xLZEyODePjcYC2RlaG7xf2QUCa2aSiE/getUpdates?offset=508533385&timeout=5 HTTP/11" 200 23
2024-12-08 10:07:55,704 [DEBUG] Resetting dropped connection: api.telegram.org
2024-12-08 10:08:00,729 [DEBUG] https://api.telegram.org:443 "GET /bot8177519675:AAE1xLZEyODePjcYC2RlaG7xf2QUCa2aSiE/getUpdates?offset=508533385&timeout=5 HTTP/11" 200 23
2024-12-08 10:08:05,739 [DEBUG] https://api.telegram.org:443 "GET /bot8177519675:AAE1xLZEyODePjcYC2RlaG7xf2QUCa2aSiE/getUpdates?offset=508533385&timeout=5 HTTP/11" 200 23
2024-12-08 10:08:10,751 [DEBUG] https://api.telegram.org:443 "GET /bot8177519675:AAE1xLZEyODePjcYC2RlaG7xf2QUCa2aSiE/getUpdates?offset=508533385&timeout=5 HTTP/11" 200 23
2024-12-08 10:08:15,760 [DEBUG] https://api.telegram.org:443 "GET /bot8177519675:AAE1xLZEyODePjcYC2RlaG7xf2QUCa2aSiE/getUpdates?offset=508533385&timeout=5 HTTP/11" 200 23
2024-12-08 10:08:20,769 [DEBUG] https://api.telegram.org:443 "GET /bot8177519675:AAE1xLZEyODePjcYC2RlaG7xf2QUCa2aSiE/getUpdates?offset=508533385&timeout=5 HTTP/11" 200 23
2024-12-08 10:08:25,781 [DEBUG] https://api.telegram.org:443 "GET /bot8177519675:AAE1xLZEyODePjcYC2RlaG7xf2QUCa2aSiE/getUpdates?offset=508533385&timeout=5 HTTP/11" 200 23
2024-12-08 10:08:30,791 [DEBUG] https://api.telegram.org:443 "GET /bot8177519675:AAE1xLZEyODePjcYC2RlaG7xf2QUCa2aSiE/getUpdates?offset=508533385&timeout=5 HTTP/11" 200 23
2024-12-08 10:08:35,804 [DEBUG] https://api.telegram.org:443 "GET /bot8177519675:AAE1xLZEyODePjcYC2RlaG7xf2QUCa2aSiE/getUpdates?offset=508533385&timeout=5 HTTP/11" 200 23
2024-12-08 10:08:40,816 [DEBUG] https://api.telegram.org:443 "GET /bot8177519675:AAE1xLZEyODePjcYC2RlaG7xf2QUCa2aSiE/getUpdates?offset=508533385&timeout=5 HTTP/11" 200 23
2024-12-08 10:08:45,825 [DEBUG] https://api.telegram.org:443 "GET /bot8177519675:AAE1xLZEyODePjcYC2RlaG7xf2QUCa2aSiE/getUpdates?offset=508533385&timeout=5 HTTP/11" 200 23
2024-12-08 10:08:50,835 [DEBUG] https://api.telegram.org:443 "GET /bot8177519675:AAE1xLZEyODePjcYC2RlaG7xf2QUCa2aSiE/getUpdates?offset=508533385&timeout=5 HTTP/11" 200 23
2024-12-08 10:08:55,845 [DEBUG] https://api.telegram.org:443 "GET /bot8177519675:AAE1xLZEyODePjcYC2RlaG7xf2QUCa2aSiE/getUpdates?offset=508533385&timeout=5 HTTP/11" 200 23
2024-12-08 10:09:00,856 [DEBUG] https://api.telegram.org:443 "GET /bot8177519675:AAE1xLZEyODePjcYC2RlaG7xf2QUCa2aSiE/getUpdates?offset=508533385&timeout=5 HTTP/11" 200 23
2024-12-08 10:09:05,866 [DEBUG] https://api.telegram.org:443 "GET /bot8177519675:AAE1xLZEyODePjcYC2RlaG7xf2QUCa2aSiE/getUpdates?offset=508533385&timeout=5 HTTP/11" 200 23
2024-12-08 10:09:10,877 [DEBUG] https://api.telegram.org:443 "GET /bot8177519675:AAE1xLZEyODePjcYC2RlaG7xf2QUCa2aSiE/getUpdates?offset=508533385&timeout=5 HTTP/11" 200 23
2024-12-08 10:09:15,886 [DEBUG] https://api.telegram.org:443 "GET /bot8177519675:AAE1xLZEyODePjcYC2RlaG7xf2QUCa2aSiE/getUpdates?offset=508533385&timeout=5 HTTP/11" 200 23
2024-12-08 10:09:20,897 [DEBUG] https://api.telegram.org:443 "GET /bot8177519675:AAE1xLZEyODePjcYC2RlaG7xf2QUCa2aSiE/getUpdates?offset=508533385&timeout=5 HTTP/11" 200 23
2024-12-08 10:09:25,906 [DEBUG] https://api.telegram.org:443 "GET /bot8177519675:AAE1xLZEyODePjcYC2RlaG7xf2QUCa2aSiE/getUpdates?offset=508533385&timeout=5 HTTP/11" 200 23
2024-12-08 10:09:30,916 [DEBUG] https://api.telegram.org:443 "GET /bot8177519675:AAE1xLZEyODePjcYC2RlaG7xf2QUCa2aSiE/getUpdates?offset=508533385&timeout=5 HTTP/11" 200 23
2024-12-08 10:09:35,926 [DEBUG] https://api.telegram.org:443 "GET /bot8177519675:AAE1xLZEyODePjcYC2RlaG7xf2QUCa2aSiE/getUpdates?offset=508533385&timeout=5 HTTP/11" 200 23
2024-12-08 10:09:40,944 [DEBUG] https://api.telegram.org:443 "GET /bot8177519675:AAE1xLZEyODePjcYC2RlaG7xf2QUCa2aSiE/getUpdates?offset=508533385&timeout=5 HTTP/11" 200 23
2024-12-08 10:09:45,954 [DEBUG] https://api.telegram.org:443 "GET /bot8177519675:AAE1xLZEyODePjcYC2RlaG7xf2QUCa2aSiE/getUpdates?offset=508533385&timeout=5 HTTP/11" 200 23
2024-12-08 10:09:50,964 [DEBUG] https://api.telegram.org:443 "GET /bot8177519675:AAE1xLZEyODePjcYC2RlaG7xf2QUCa2aSiE/getUpdates?offset=508533385&timeout=5 HTTP/11" 200 23
2024-12-08 10:09:55,974 [DEBUG] https://api.telegram.org:443 "GET /bot8177519675:AAE1xLZEyODePjcYC2RlaG7xf2QUCa2aSiE/getUpdates?offset=508533385&timeout=5 HTTP/11" 200 23
2024-12-08 10:09:55,977 [DEBUG] Starting new HTTPS connection (1): api.telegram.org:443
2024-12-08 10:10:01,027 [DEBUG] https://api.telegram.org:443 "GET /bot8177519675:AAE1xLZEyODePjcYC2RlaG7xf2QUCa2aSiE/getUpdates?offset=508533385&timeout=5 HTTP/11" 200 23
2024-12-08 10:10:06,038 [DEBUG] https://api.telegram.org:443 "GET /bot8177519675:AAE1xLZEyODePjcYC2RlaG7xf2QUCa2aSiE/getUpdates?offset=508533385&timeout=5 HTTP/11" 200 23
2024-12-08 10:10:11,049 [DEBUG] https://api.telegram.org:443 "GET /bot8177519675:AAE1xLZEyODePjcYC2RlaG7xf2QUCa2aSiE/getUpdates?offset=508533385&timeout=5 HTTP/11" 200 23
2024-12-08 10:10:16,064 [DEBUG] https://api.telegram.org:443 "GET /bot8177519675:AAE1xLZEyODePjcYC2RlaG7xf2QUCa2aSiE/getUpdates?offset=508533385&timeout=5 HTTP/11" 200 23
2024-12-08 10:10:21,080 [DEBUG] https://api.telegram.org:443 "GET /bot8177519675:AAE1xLZEyODePjcYC2RlaG7xf2QUCa2aSiE/getUpdates?offset=508533385&timeout=5 HTTP/11" 200 23
2024-12-08 10:10:26,093 [DEBUG] https://api.telegram.org:443 "GET /bot8177519675:AAE1xLZEyODePjcYC2RlaG7xf2QUCa2aSiE/getUpdates?offset=508533385&timeout=5 HTTP/11" 200 23
2024-12-08 10:10:31,108 [DEBUG] https://api.telegram.org:443 "GET /bot8177519675:AAE1xLZEyODePjcYC2RlaG7xf2QUCa2aSiE/getUpdates?offset=508533385&timeout=5 HTTP/11" 200 23
2024-12-08 10:10:36,122 [DEBUG] https://api.telegram.org:443 "GET /bot8177519675:AAE1xLZEyODePjcYC2RlaG7xf2QUCa2aSiE/getUpdates?offset=508533385&timeout=5 HTTP/11" 200 23
2024-12-08 10:10:41,167 [DEBUG] https://api.telegram.org:443 "GET /bot8177519675:AAE1xLZEyODePjcYC2RlaG7xf2QUCa2aSiE/getUpdates?offset=508533385&timeout=5 HTTP/11" 200 23
2024-12-08 10:10:46,216 [DEBUG] https://api.telegram.org:443 "GET /bot8177519675:AAE1xLZEyODePjcYC2RlaG7xf2QUCa2aSiE/getUpdates?offset=508533385&timeout=5 HTTP/11" 200 23
2024-12-08 10:10:51,230 [DEBUG] https://api.telegram.org:443 "GET /bot8177519675:AAE1xLZEyODePjcYC2RlaG7xf2QUCa2aSiE/getUpdates?offset=508533385&timeout=5 HTTP/11" 200 23
2024-12-08 10:10:56,292 [DEBUG] https://api.telegram.org:443 "GET /bot8177519675:AAE1xLZEyODePjcYC2RlaG7xf2QUCa2aSiE/getUpdates?offset=508533385&timeout=5 HTTP/11" 200 23
2024-12-08 10:11:01,341 [DEBUG] https://api.telegram.org:443 "GET /bot8177519675:AAE1xLZEyODePjcYC2RlaG7xf2QUCa2aSiE/getUpdates?offset=508533385&timeout=5 HTTP/11" 200 23
2024-12-08 10:11:06,354 [DEBUG] https://api.telegram.org:443 "GET /bot8177519675:AAE1xLZEyODePjcYC2RlaG7xf2QUCa2aSiE/getUpdates?offset=508533385&timeout=5 HTTP/11" 200 23
2024-12-08 10:11:11,367 [DEBUG] https://api.telegram.org:443 "GET /bot8177519675:AAE1xLZEyODePjcYC2RlaG7xf2QUCa2aSiE/getUpdates?offset=508533385&timeout=5 HTTP/11" 200 23
2024-12-08 10:11:16,388 [DEBUG] https://api.telegram.org:443 "GET /bot8177519675:AAE1xLZEyODePjcYC2RlaG7xf2QUCa2aSiE/getUpdates?offset=508533385&timeout=5 HTTP/11" 200 23
2024-12-08 10:11:21,437 [DEBUG] https://api.telegram.org:443 "GET /bot8177519675:AAE1xLZEyODePjcYC2RlaG7xf2QUCa2aSiE/getUpdates?offset=508533385&timeout=5 HTTP/11" 200 23
2024-12-08 10:11:26,458 [DEBUG] https://api.telegram.org:443 "GET /bot8177519675:AAE1xLZEyODePjcYC2RlaG7xf2QUCa2aSiE/getUpdates?offset=508533385&timeout=5 HTTP/11" 200 23
2024-12-08 10:11:31,469 [DEBUG] https://api.telegram.org:443 "GET /bot8177519675:AAE1xLZEyODePjcYC2RlaG7xf2QUCa2aSiE/getUpdates?offset=508533385&timeout=5 HTTP/11" 200 23
2024-12-08 10:11:36,482 [DEBUG] https://api.telegram.org:443 "GET /bot8177519675:AAE1xLZEyODePjcYC2RlaG7xf2QUCa2aSiE/getUpdates?offset=508533385&timeout=5 HTTP/11" 200 23
2024-12-08 10:11:41,496 [DEBUG] https://api.telegram.org:443 "GET /bot8177519675:AAE1xLZEyODePjcYC2RlaG7xf2QUCa2aSiE/getUpdates?offset=508533385&timeout=5 HTTP/11" 200 23
2024-12-08 10:11:46,507 [DEBUG] https://api.telegram.org:443 "GET /bot8177519675:AAE1xLZEyODePjcYC2RlaG7xf2QUCa2aSiE/getUpdates?offset=508533385&timeout=5 HTTP/11" 200 23
2024-12-08 10:11:51,521 [DEBUG] https://api.telegram.org:443 "GET /bot8177519675:AAE1xLZEyODePjcYC2RlaG7xf2QUCa2aSiE/getUpdates?offset=508533385&timeout=5 HTTP/11" 200 23
2024-12-08 10:11:56,531 [DEBUG] https://api.telegram.org:443 "GET /bot8177519675:AAE1xLZEyODePjcYC2RlaG7xf2QUCa2aSiE/getUpdates?offset=508533385&timeout=5 HTTP/11" 200 23
2024-12-08 10:12:01,542 [DEBUG] https://api.telegram.org:443 "GET /bot8177519675:AAE1xLZEyODePjcYC2RlaG7xf2QUCa2aSiE/getUpdates?offset=508533385&timeout=5 HTTP/11" 200 23
2024-12-08 10:12:06,559 [DEBUG] https://api.telegram.org:443 "GET /bot8177519675:AAE1xLZEyODePjcYC2RlaG7xf2QUCa2aSiE/getUpdates?offset=508533385&timeout=5 HTTP/11" 200 23
2024-12-08 10:12:11,569 [DEBUG] https://api.telegram.org:443 "GET /bot8177519675:AAE1xLZEyODePjcYC2RlaG7xf2QUCa2aSiE/getUpdates?offset=508533385&timeout=5 HTTP/11" 200 23
2024-12-08 10:12:16,578 [DEBUG] https://api.telegram.org:443 "GET /bot8177519675:AAE1xLZEyODePjcYC2RlaG7xf2QUCa2aSiE/getUpdates?offset=508533385&timeout=5 HTTP/11" 200 23
2024-12-08 10:12:21,590 [DEBUG] https://api.telegram.org:443 "GET /bot8177519675:AAE1xLZEyODePjcYC2RlaG7xf2QUCa2aSiE/getUpdates?offset=508533385&timeout=5 HTTP/11" 200 23
2024-12-08 10:12:26,609 [DEBUG] https://api.telegram.org:443 "GET /bot8177519675:AAE1xLZEyODePjcYC2RlaG7xf2QUCa2aSiE/getUpdates?offset=508533385&timeout=5 HTTP/11" 200 23
2024-12-08 10:12:31,621 [DEBUG] https://api.telegram.org:443 "GET /bot8177519675:AAE1xLZEyODePjcYC2RlaG7xf2QUCa2aSiE/getUpdates?offset=508533385&timeout=5 HTTP/11" 200 23
2024-12-08 10:12:36,631 [DEBUG] https://api.telegram.org:443 "GET /bot8177519675:AAE1xLZEyODePjcYC2RlaG7xf2QUCa2aSiE/getUpdates?offset=508533385&timeout=5 HTTP/11" 200 23
2024-12-08 10:12:41,648 [DEBUG] https://api.telegram.org:443 "GET /bot8177519675:AAE1xLZEyODePjcYC2RlaG7xf2QUCa2aSiE/getUpdates?offset=508533385&timeout=5 HTTP/11" 200 23
2024-12-08 10:12:46,659 [DEBUG] https://api.telegram.org:443 "GET /bot8177519675:AAE1xLZEyODePjcYC2RlaG7xf2QUCa2aSiE/getUpdates?offset=508533385&timeout=5 HTTP/11" 200 23
2024-12-08 10:12:51,671 [DEBUG] https://api.telegram.org:443 "GET /bot8177519675:AAE1xLZEyODePjcYC2RlaG7xf2QUCa2aSiE/getUpdates?offset=508533385&timeout=5 HTTP/11" 200 23
2024-12-08 10:12:56,684 [DEBUG] https://api.telegram.org:443 "GET /bot8177519675:AAE1xLZEyODePjcYC2RlaG7xf2QUCa2aSiE/getUpdates?offset=508533385&timeout=5 HTTP/11" 200 23
2024-12-08 10:13:01,695 [DEBUG] https://api.telegram.org:443 "GET /bot8177519675:AAE1xLZEyODePjcYC2RlaG7xf2QUCa2aSiE/getUpdates?offset=508533385&timeout=5 HTTP/11" 200 23
2024-12-08 10:13:06,712 [DEBUG] https://api.telegram.org:443 "GET /bot8177519675:AAE1xLZEyODePjcYC2RlaG7xf2QUCa2aSiE/getUpdates?offset=508533385&timeout=5 HTTP/11" 200 23
2024-12-08 10:13:11,725 [DEBUG] https://api.telegram.org:443 "GET /bot8177519675:AAE1xLZEyODePjcYC2RlaG7xf2QUCa2aSiE/getUpdates?offset=508533385&timeout=5 HTTP/11" 200 23
